{"D:\\projects\\chatbot-hospital-system\\app\\frontend\\src\\components\\hms\\ChatMessage.tsx": {"path":"D:\\projects\\chatbot-hospital-system\\app\\frontend\\src\\components\\hms\\ChatMessage.tsx","statementMap":{"0":{"start":{"line":32,"column":22},"end":{"line":32,"column":null}},"1":{"start":{"line":35,"column":8},"end":{"line":51,"column":null}},"2":{"start":{"line":36,"column":4},"end":{"line":36,"column":null}},"3":{"start":{"line":36,"column":32},"end":{"line":36,"column":null}},"4":{"start":{"line":37,"column":18},"end":{"line":37,"column":null}},"5":{"start":{"line":38,"column":4},"end":{"line":49,"column":null}},"6":{"start":{"line":41,"column":20},"end":{"line":41,"column":null}},"7":{"start":{"line":42,"column":10},"end":{"line":46,"column":null}},"8":{"start":{"line":43,"column":22},"end":{"line":43,"column":null}},"9":{"start":{"line":44,"column":22},"end":{"line":44,"column":null}},"10":{"start":{"line":44,"column":49},"end":{"line":44,"column":58}},"11":{"start":{"line":45,"column":12},"end":{"line":45,"column":null}},"12":{"start":{"line":45,"column":19},"end":{"line":45,"column":null}},"13":{"start":{"line":47,"column":10},"end":{"line":47,"column":null}},"14":{"start":{"line":53,"column":2},"end":{"line":86,"column":null}}},"fnMap":{"0":{"name":"ChatMessage","decl":{"start":{"line":23,"column":16},"end":{"line":23,"column":28}},"loc":{"start":{"line":31,"column":3},"end":{"line":88,"column":null}},"line":31},"1":{"name":"(anonymous_1)","decl":{"start":{"line":35,"column":8},"end":{"line":35,"column":30}},"loc":{"start":{"line":35,"column":30},"end":{"line":51,"column":null}},"line":35},"2":{"name":"(anonymous_2)","decl":{"start":{"line":40,"column":15},"end":{"line":40,"column":20}},"loc":{"start":{"line":40,"column":29},"end":{"line":48,"column":9}},"line":40},"3":{"name":"(anonymous_3)","decl":{"start":{"line":44,"column":37},"end":{"line":44,"column":43}},"loc":{"start":{"line":44,"column":49},"end":{"line":44,"column":58}},"line":44}},"branchMap":{"0":{"loc":{"start":{"line":36,"column":4},"end":{"line":36,"column":null}},"type":"if","locations":[{"start":{"line":36,"column":4},"end":{"line":36,"column":null}},{"start":{},"end":{}}],"line":36},"1":{"loc":{"start":{"line":42,"column":10},"end":{"line":46,"column":null}},"type":"if","locations":[{"start":{"line":42,"column":10},"end":{"line":46,"column":null}},{"start":{},"end":{}}],"line":42},"2":{"loc":{"start":{"line":45,"column":12},"end":{"line":45,"column":null}},"type":"if","locations":[{"start":{"line":45,"column":12},"end":{"line":45,"column":null}},{"start":{},"end":{}}],"line":45},"3":{"loc":{"start":{"line":57,"column":34},"end":{"line":57,"column":71}},"type":"cond-expr","locations":[{"start":{"line":57,"column":48},"end":{"line":57,"column":53}},{"start":{"line":57,"column":53},"end":{"line":57,"column":71}}],"line":57},"4":{"loc":{"start":{"line":62,"column":10},"end":{"line":62,"column":null}},"type":"cond-expr","locations":[{"start":{"line":62,"column":24},"end":{"line":62,"column":45}},{"start":{"line":62,"column":45},"end":{"line":62,"column":null}}],"line":62},"5":{"loc":{"start":{"line":65,"column":9},"end":{"line":65,"column":null}},"type":"cond-expr","locations":[{"start":{"line":65,"column":23},"end":{"line":65,"column":59}},{"start":{"line":65,"column":58},"end":{"line":65,"column":null}}],"line":65},"6":{"loc":{"start":{"line":67,"column":40},"end":{"line":67,"column":70}},"type":"cond-expr","locations":[{"start":{"line":67,"column":54},"end":{"line":67,"column":59}},{"start":{"line":67,"column":59},"end":{"line":67,"column":70}}],"line":67},"7":{"loc":{"start":{"line":69,"column":57},"end":{"line":69,"column":99}},"type":"cond-expr","locations":[{"start":{"line":69,"column":71},"end":{"line":69,"column":87}},{"start":{"line":69,"column":87},"end":{"line":69,"column":99}}],"line":69},"8":{"loc":{"start":{"line":70,"column":11},"end":{"line":70,"column":null}},"type":"cond-expr","locations":[{"start":{"line":70,"column":22},"end":{"line":70,"column":null}},{"start":{"line":70,"column":50},"end":{"line":70,"column":null}}],"line":70},"9":{"loc":{"start":{"line":75,"column":12},"end":{"line":77,"column":null}},"type":"cond-expr","locations":[{"start":{"line":76,"column":16},"end":{"line":76,"column":null}},{"start":{"line":77,"column":16},"end":{"line":77,"column":null}}],"line":75},"10":{"loc":{"start":{"line":78,"column":12},"end":{"line":78,"column":null}},"type":"binary-expr","locations":[{"start":{"line":78,"column":12},"end":{"line":78,"column":23}},{"start":{"line":78,"column":23},"end":{"line":78,"column":null}}],"line":78},"11":{"loc":{"start":{"line":83,"column":11},"end":{"line":83,"column":null}},"type":"binary-expr","locations":[{"start":{"line":83,"column":11},"end":{"line":83,"column":28}},{"start":{"line":83,"column":28},"end":{"line":83,"column":null}}],"line":83}},"s":{"0":7,"1":7,"2":7,"3":6,"4":1,"5":1,"6":5,"7":5,"8":2,"9":2,"10":3,"11":2,"12":2,"13":3,"14":7},"f":{"0":7,"1":7,"2":5,"3":3},"b":{"0":[6,1],"1":[2,3],"2":[2,0],"3":[4,3],"4":[4,3],"5":[4,3],"6":[4,3],"7":[4,3],"8":[1,6],"9":[4,3],"10":[7,0],"11":[7,0]},"meta":{"lastBranch":12,"lastFunction":4,"lastStatement":15,"seen":{"f:23:16:23:28":0,"s:32:22:32:Infinity":0,"s:35:8:51:Infinity":1,"f:35:8:35:30":1,"b:36:4:36:Infinity:undefined:undefined:undefined:undefined":0,"s:36:4:36:Infinity":2,"s:36:32:36:Infinity":3,"s:37:18:37:Infinity":4,"s:38:4:49:Infinity":5,"f:40:15:40:20":2,"s:41:20:41:Infinity":6,"b:42:10:46:Infinity:undefined:undefined:undefined:undefined":1,"s:42:10:46:Infinity":7,"s:43:22:43:Infinity":8,"s:44:22:44:Infinity":9,"f:44:37:44:43":3,"s:44:49:44:58":10,"b:45:12:45:Infinity:undefined:undefined:undefined:undefined":2,"s:45:12:45:Infinity":11,"s:45:19:45:Infinity":12,"s:47:10:47:Infinity":13,"s:53:2:86:Infinity":14,"b:57:48:57:53:57:53:57:71":3,"b:62:24:62:45:62:45:62:Infinity":4,"b:65:23:65:59:65:58:65:Infinity":5,"b:67:54:67:59:67:59:67:70":6,"b:69:71:69:87:69:87:69:99":7,"b:70:22:70:Infinity:70:50:70:Infinity":8,"b:76:16:76:Infinity:77:16:77:Infinity":9,"b:78:12:78:23:78:23:78:Infinity":10,"b:83:11:83:28:83:28:83:Infinity":11},"fnNames":{}}}
,"D:\\projects\\chatbot-hospital-system\\app\\frontend\\src\\components\\hms\\CitationChip.tsx": {"path":"D:\\projects\\chatbot-hospital-system\\app\\frontend\\src\\components\\hms\\CitationChip.tsx","statementMap":{"0":{"start":{"line":13,"column":2},"end":{"line":23,"column":null}}},"fnMap":{"0":{"name":"CitationChip","decl":{"start":{"line":4,"column":16},"end":{"line":4,"column":29}},"loc":{"start":{"line":12,"column":3},"end":{"line":25,"column":null}},"line":12}},"branchMap":{},"s":{"0":3},"f":{"0":3},"b":{},"meta":{"lastBranch":0,"lastFunction":1,"lastStatement":1,"seen":{"f:4:16:4:29":0,"s:13:2:23:Infinity":0},"fnNames":{}}}
,"D:\\projects\\chatbot-hospital-system\\app\\frontend\\src\\components\\hms\\DocumentProcessingTimeline.tsx": {"path":"D:\\projects\\chatbot-hospital-system\\app\\frontend\\src\\components\\hms\\DocumentProcessingTimeline.tsx","statementMap":{"0":{"start":{"line":5,"column":73},"end":{"line":10,"column":null}},"1":{"start":{"line":13,"column":8},"end":{"line":13,"column":null}},"2":{"start":{"line":14,"column":2},"end":{"line":16,"column":null}},"3":{"start":{"line":15,"column":4},"end":{"line":15,"column":null}},"4":{"start":{"line":18,"column":2},"end":{"line":59,"column":null}},"5":{"start":{"line":21,"column":22},"end":{"line":21,"column":null}},"6":{"start":{"line":23,"column":10},"end":{"line":27,"column":null}},"7":{"start":{"line":28,"column":8},"end":{"line":56,"column":null}}},"fnMap":{"0":{"name":"DocumentProcessingTimeline","decl":{"start":{"line":12,"column":16},"end":{"line":12,"column":43}},"loc":{"start":{"line":12,"column":98},"end":{"line":61,"column":null}},"line":12},"1":{"name":"(anonymous_1)","decl":{"start":{"line":20,"column":14},"end":{"line":20,"column":19}},"loc":{"start":{"line":20,"column":29},"end":{"line":58,"column":7}},"line":20}},"branchMap":{"0":{"loc":{"start":{"line":14,"column":2},"end":{"line":16,"column":null}},"type":"if","locations":[{"start":{"line":14,"column":2},"end":{"line":16,"column":null}},{"start":{},"end":{}}],"line":14},"1":{"loc":{"start":{"line":23,"column":10},"end":{"line":27,"column":null}},"type":"cond-expr","locations":[{"start":{"line":24,"column":14},"end":{"line":24,"column":null}},{"start":{"line":25,"column":14},"end":{"line":27,"column":null}}],"line":23},"2":{"loc":{"start":{"line":25,"column":14},"end":{"line":27,"column":null}},"type":"cond-expr","locations":[{"start":{"line":26,"column":16},"end":{"line":26,"column":null}},{"start":{"line":27,"column":16},"end":{"line":27,"column":null}}],"line":25},"3":{"loc":{"start":{"line":32,"column":21},"end":{"line":32,"column":null}},"type":"cond-expr","locations":[{"start":{"line":32,"column":36},"end":{"line":32,"column":44}},{"start":{"line":32,"column":44},"end":{"line":32,"column":null}}],"line":32},"4":{"loc":{"start":{"line":38,"column":16},"end":{"line":38,"column":null}},"type":"cond-expr","locations":[{"start":{"line":38,"column":43},"end":{"line":38,"column":64}},{"start":{"line":38,"column":64},"end":{"line":38,"column":null}}],"line":38},"5":{"loc":{"start":{"line":46,"column":17},"end":{"line":49,"column":null}},"type":"binary-expr","locations":[{"start":{"line":46,"column":17},"end":{"line":46,"column":52}},{"start":{"line":46,"column":52},"end":{"line":46,"column":null}},{"start":{"line":47,"column":18},"end":{"line":49,"column":null}}],"line":46},"6":{"loc":{"start":{"line":51,"column":17},"end":{"line":52,"column":null}},"type":"binary-expr","locations":[{"start":{"line":51,"column":17},"end":{"line":51,"column":null}},{"start":{"line":52,"column":18},"end":{"line":52,"column":null}}],"line":51}},"s":{"0":1,"1":1,"2":1,"3":0,"4":1,"5":2,"6":2,"7":2},"f":{"0":1,"1":2},"b":{"0":[0,1],"1":[1,1],"2":[1,0],"3":[0,2],"4":[1,1],"5":[2,2,2],"6":[2,1]},"meta":{"lastBranch":7,"lastFunction":2,"lastStatement":8,"seen":{"s:5:73:10:Infinity":0,"f:12:16:12:43":0,"s:13:8:13:Infinity":1,"b:14:2:16:Infinity:undefined:undefined:undefined:undefined":0,"s:14:2:16:Infinity":2,"s:15:4:15:Infinity":3,"s:18:2:59:Infinity":4,"f:20:14:20:19":1,"s:21:22:21:Infinity":5,"s:23:10:27:Infinity":6,"b:24:14:24:Infinity:25:14:27:Infinity":1,"b:26:16:26:Infinity:27:16:27:Infinity":2,"s:28:8:56:Infinity":7,"b:32:36:32:44:32:44:32:Infinity":3,"b:38:43:38:64:38:64:38:Infinity":4,"b:46:17:46:52:46:52:46:Infinity:47:18:49:Infinity":5,"b:51:17:51:Infinity:52:18:52:Infinity":6},"fnNames":{}}}
,"D:\\projects\\chatbot-hospital-system\\app\\frontend\\src\\components\\hms\\StreamingControls.tsx": {"path":"D:\\projects\\chatbot-hospital-system\\app\\frontend\\src\\components\\hms\\StreamingControls.tsx","statementMap":{"0":{"start":{"line":30,"column":2},"end":{"line":49,"column":null}},"1":{"start":{"line":31,"column":16},"end":{"line":31,"column":null}},"2":{"start":{"line":32,"column":4},"end":{"line":47,"column":null}},"3":{"start":{"line":51,"column":2},"end":{"line":92,"column":null}},"4":{"start":{"line":52,"column":16},"end":{"line":52,"column":null}},"5":{"start":{"line":53,"column":4},"end":{"line":90,"column":null}},"6":{"start":{"line":94,"column":2},"end":{"line":94,"column":null}}},"fnMap":{"0":{"name":"StreamingControls","decl":{"start":{"line":19,"column":16},"end":{"line":19,"column":34}},"loc":{"start":{"line":29,"column":10},"end":{"line":95,"column":null}},"line":29}},"branchMap":{"0":{"loc":{"start":{"line":28,"column":2},"end":{"line":28,"column":null}},"type":"default-arg","locations":[{"start":{"line":28,"column":16},"end":{"line":28,"column":null}}],"line":28},"1":{"loc":{"start":{"line":30,"column":2},"end":{"line":49,"column":null}},"type":"if","locations":[{"start":{"line":30,"column":2},"end":{"line":49,"column":null}},{"start":{},"end":{}}],"line":30},"2":{"loc":{"start":{"line":31,"column":16},"end":{"line":31,"column":null}},"type":"cond-expr","locations":[{"start":{"line":31,"column":28},"end":{"line":31,"column":82}},{"start":{"line":31,"column":82},"end":{"line":31,"column":null}}],"line":31},"3":{"loc":{"start":{"line":51,"column":2},"end":{"line":92,"column":null}},"type":"if","locations":[{"start":{"line":51,"column":2},"end":{"line":92,"column":null}},{"start":{},"end":{}}],"line":51},"4":{"loc":{"start":{"line":52,"column":16},"end":{"line":52,"column":null}},"type":"cond-expr","locations":[{"start":{"line":52,"column":28},"end":{"line":52,"column":82}},{"start":{"line":52,"column":82},"end":{"line":52,"column":null}}],"line":52},"5":{"loc":{"start":{"line":66,"column":15},"end":{"line":66,"column":null}},"type":"binary-expr","locations":[{"start":{"line":66,"column":15},"end":{"line":66,"column":24}},{"start":{"line":66,"column":24},"end":{"line":66,"column":null}}],"line":66}},"s":{"0":10,"1":2,"2":2,"3":8,"4":6,"5":6,"6":2},"f":{"0":10},"b":{"0":[10],"1":[2,8],"2":[2,0],"3":[6,2],"4":[6,0],"5":[6,5]},"meta":{"lastBranch":6,"lastFunction":1,"lastStatement":7,"seen":{"f:19:16:19:34":0,"b:28:16:28:Infinity":0,"b:30:2:49:Infinity:undefined:undefined:undefined:undefined":1,"s:30:2:49:Infinity":0,"s:31:16:31:Infinity":1,"b:31:28:31:82:31:82:31:Infinity":2,"s:32:4:47:Infinity":2,"b:51:2:92:Infinity:undefined:undefined:undefined:undefined":3,"s:51:2:92:Infinity":3,"s:52:16:52:Infinity":4,"b:52:28:52:82:52:82:52:Infinity":4,"s:53:4:90:Infinity":5,"b:66:15:66:24:66:24:66:Infinity":5,"s:94:2:94:Infinity":6},"fnNames":{}}}
,"D:\\projects\\chatbot-hospital-system\\app\\frontend\\src\\data\\mockUsers.ts": {"path":"D:\\projects\\chatbot-hospital-system\\app\\frontend\\src\\data\\mockUsers.ts","statementMap":{"0":{"start":{"line":13,"column":49},"end":{"line":84,"column":null}}},"fnMap":{},"branchMap":{},"s":{"0":1},"f":{},"b":{},"meta":{"lastBranch":0,"lastFunction":0,"lastStatement":1,"seen":{"s:13:49:84:Infinity":0},"fnNames":{}}}
,"D:\\projects\\chatbot-hospital-system\\app\\frontend\\src\\data\\workspaces.ts": {"path":"D:\\projects\\chatbot-hospital-system\\app\\frontend\\src\\data\\workspaces.ts","statementMap":{"0":{"start":{"line":9,"column":39},"end":{"line":16,"column":null}},"1":{"start":{"line":19,"column":2},"end":{"line":19,"column":null}},"2":{"start":{"line":19,"column":11},"end":{"line":19,"column":null}},"3":{"start":{"line":20,"column":2},"end":{"line":20,"column":null}},"4":{"start":{"line":20,"column":32},"end":{"line":20,"column":43}}},"fnMap":{"0":{"name":"getWorkspace","decl":{"start":{"line":18,"column":16},"end":{"line":18,"column":29}},"loc":{"start":{"line":18,"column":83},"end":{"line":21,"column":null}},"line":18},"1":{"name":"(anonymous_1)","decl":{"start":{"line":20,"column":20},"end":{"line":20,"column":26}},"loc":{"start":{"line":20,"column":32},"end":{"line":20,"column":43}},"line":20}},"branchMap":{"0":{"loc":{"start":{"line":19,"column":2},"end":{"line":19,"column":null}},"type":"if","locations":[{"start":{"line":19,"column":2},"end":{"line":19,"column":null}},{"start":{},"end":{}}],"line":19}},"s":{"0":1,"1":0,"2":0,"3":0,"4":0},"f":{"0":0,"1":0},"b":{"0":[0,0]},"meta":{"lastBranch":1,"lastFunction":2,"lastStatement":5,"seen":{"s:9:39:16:Infinity":0,"f:18:16:18:29":0,"b:19:2:19:Infinity:undefined:undefined:undefined:undefined":0,"s:19:2:19:Infinity":1,"s:19:11:19:Infinity":2,"s:20:2:20:Infinity":3,"f:20:20:20:26":1,"s:20:32:20:43":4},"fnNames":{}}}
,"D:\\projects\\chatbot-hospital-system\\app\\frontend\\src\\lib\\api-client.ts": {"path":"D:\\projects\\chatbot-hospital-system\\app\\frontend\\src\\lib\\api-client.ts","statementMap":{"0":{"start":{"line":9,"column":24},"end":{"line":9,"column":null}},"1":{"start":{"line":13,"column":2},"end":{"line":13,"column":null}},"2":{"start":{"line":13,"column":37},"end":{"line":13,"column":null}},"3":{"start":{"line":14,"column":2},"end":{"line":14,"column":null}},"4":{"start":{"line":17,"column":33},"end":{"line":17,"column":null}},"5":{"start":{"line":20,"column":2},"end":{"line":20,"column":null}},"6":{"start":{"line":33,"column":4},"end":{"line":33,"column":null}},"7":{"start":{"line":34,"column":4},"end":{"line":34,"column":null}},"8":{"start":{"line":35,"column":4},"end":{"line":35,"column":null}},"9":{"start":{"line":36,"column":4},"end":{"line":36,"column":null}},"10":{"start":{"line":40,"column":16},"end":{"line":40,"column":null}},"11":{"start":{"line":43,"column":2},"end":{"line":43,"column":null}},"12":{"start":{"line":47,"column":2},"end":{"line":49,"column":null}},"13":{"start":{"line":48,"column":4},"end":{"line":48,"column":null}},"14":{"start":{"line":50,"column":2},"end":{"line":52,"column":null}},"15":{"start":{"line":51,"column":4},"end":{"line":51,"column":null}},"16":{"start":{"line":51,"column":31},"end":{"line":51,"column":58}},"17":{"start":{"line":53,"column":2},"end":{"line":60,"column":null}},"18":{"start":{"line":54,"column":4},"end":{"line":59,"column":null}},"19":{"start":{"line":55,"column":60},"end":{"line":58,"column":7}},"20":{"start":{"line":61,"column":2},"end":{"line":61,"column":null}},"21":{"start":{"line":69,"column":18},"end":{"line":69,"column":null}},"22":{"start":{"line":70,"column":25},"end":{"line":70,"column":null}},"23":{"start":{"line":73,"column":21},"end":{"line":81,"column":null}},"24":{"start":{"line":75,"column":18},"end":{"line":75,"column":null}},"25":{"start":{"line":76,"column":6},"end":{"line":76,"column":null}},"26":{"start":{"line":79,"column":18},"end":{"line":79,"column":null}},"27":{"start":{"line":80,"column":6},"end":{"line":80,"column":null}},"28":{"start":{"line":83,"column":14},"end":{"line":83,"column":null}},"29":{"start":{"line":84,"column":16},"end":{"line":84,"column":null}},"30":{"start":{"line":86,"column":42},"end":{"line":88,"column":null}},"31":{"start":{"line":90,"column":2},"end":{"line":92,"column":null}},"32":{"start":{"line":91,"column":4},"end":{"line":91,"column":null}},"33":{"start":{"line":94,"column":2},"end":{"line":96,"column":null}},"34":{"start":{"line":95,"column":4},"end":{"line":95,"column":null}},"35":{"start":{"line":99,"column":13},"end":{"line":99,"column":null}},"36":{"start":{"line":100,"column":2},"end":{"line":118,"column":null}},"37":{"start":{"line":101,"column":4},"end":{"line":117,"column":null}},"38":{"start":{"line":102,"column":6},"end":{"line":114,"column":null}},"39":{"start":{"line":104,"column":10},"end":{"line":112,"column":null}},"40":{"start":{"line":106,"column":26},"end":{"line":106,"column":null}},"41":{"start":{"line":107,"column":14},"end":{"line":107,"column":null}},"42":{"start":{"line":110,"column":26},"end":{"line":110,"column":null}},"43":{"start":{"line":111,"column":14},"end":{"line":111,"column":null}},"44":{"start":{"line":120,"column":19},"end":{"line":120,"column":null}},"45":{"start":{"line":122,"column":2},"end":{"line":160,"column":null}},"46":{"start":{"line":123,"column":72},"end":{"line":123,"column":null}},"47":{"start":{"line":124,"column":4},"end":{"line":128,"column":null}},"48":{"start":{"line":125,"column":6},"end":{"line":125,"column":null}},"49":{"start":{"line":130,"column":17},"end":{"line":130,"column":null}},"50":{"start":{"line":131,"column":4},"end":{"line":157,"column":null}},"51":{"start":{"line":132,"column":6},"end":{"line":135,"column":null}},"52":{"start":{"line":136,"column":11},"end":{"line":157,"column":null}},"53":{"start":{"line":137,"column":6},"end":{"line":156,"column":null}},"54":{"start":{"line":138,"column":8},"end":{"line":138,"column":null}},"55":{"start":{"line":139,"column":13},"end":{"line":156,"column":null}},"56":{"start":{"line":140,"column":8},"end":{"line":153,"column":null}},"57":{"start":{"line":141,"column":10},"end":{"line":150,"column":null}},"58":{"start":{"line":143,"column":26},"end":{"line":147,"column":null}},"59":{"start":{"line":145,"column":40},"end":{"line":145,"column":85}},"60":{"start":{"line":148,"column":14},"end":{"line":148,"column":null}},"61":{"start":{"line":152,"column":10},"end":{"line":152,"column":null}},"62":{"start":{"line":155,"column":8},"end":{"line":155,"column":null}},"63":{"start":{"line":159,"column":4},"end":{"line":159,"column":null}},"64":{"start":{"line":162,"column":2},"end":{"line":162,"column":null}},"65":{"start":{"line":162,"column":31},"end":{"line":162,"column":null}},"66":{"start":{"line":164,"column":15},"end":{"line":164,"column":null}},"67":{"start":{"line":166,"column":2},"end":{"line":182,"column":null}},"68":{"start":{"line":167,"column":4},"end":{"line":173,"column":null}},"69":{"start":{"line":168,"column":18},"end":{"line":168,"column":null}},"70":{"start":{"line":169,"column":18},"end":{"line":169,"column":null}},"71":{"start":{"line":170,"column":6},"end":{"line":172,"column":null}},"72":{"start":{"line":171,"column":8},"end":{"line":171,"column":null}},"73":{"start":{"line":174,"column":4},"end":{"line":180,"column":null}},"74":{"start":{"line":175,"column":18},"end":{"line":175,"column":null}},"75":{"start":{"line":176,"column":18},"end":{"line":176,"column":null}},"76":{"start":{"line":177,"column":6},"end":{"line":179,"column":null}},"77":{"start":{"line":178,"column":8},"end":{"line":178,"column":null}},"78":{"start":{"line":181,"column":4},"end":{"line":181,"column":null}},"79":{"start":{"line":187,"column":18},"end":{"line":187,"column":null}},"80":{"start":{"line":188,"column":16},"end":{"line":188,"column":null}},"81":{"start":{"line":189,"column":42},"end":{"line":189,"column":null}},"82":{"start":{"line":190,"column":2},"end":{"line":190,"column":null}},"83":{"start":{"line":190,"column":13},"end":{"line":190,"column":null}},"84":{"start":{"line":192,"column":19},"end":{"line":192,"column":null}},"85":{"start":{"line":193,"column":2},"end":{"line":195,"column":null}},"86":{"start":{"line":194,"column":4},"end":{"line":194,"column":null}},"87":{"start":{"line":196,"column":2},"end":{"line":196,"column":null}},"88":{"start":{"line":213,"column":2},"end":{"line":221,"column":null}},"89":{"start":{"line":214,"column":16},"end":{"line":216,"column":null}},"90":{"start":{"line":217,"column":4},"end":{"line":217,"column":null}},"91":{"start":{"line":217,"column":17},"end":{"line":217,"column":null}},"92":{"start":{"line":218,"column":4},"end":{"line":218,"column":null}},"93":{"start":{"line":220,"column":4},"end":{"line":220,"column":null}},"94":{"start":{"line":225,"column":2},"end":{"line":225,"column":null}},"95":{"start":{"line":229,"column":2},"end":{"line":229,"column":null}},"96":{"start":{"line":233,"column":2},"end":{"line":233,"column":null}},"97":{"start":{"line":233,"column":37},"end":{"line":233,"column":null}},"98":{"start":{"line":234,"column":2},"end":{"line":234,"column":null}},"99":{"start":{"line":238,"column":2},"end":{"line":238,"column":null}},"100":{"start":{"line":238,"column":37},"end":{"line":238,"column":null}},"101":{"start":{"line":239,"column":2},"end":{"line":239,"column":null}}},"fnMap":{"0":{"name":"getBaseUrl","decl":{"start":{"line":11,"column":9},"end":{"line":11,"column":30}},"loc":{"start":{"line":11,"column":30},"end":{"line":15,"column":null}},"line":11},"1":{"name":"getToken","decl":{"start":{"line":19,"column":16},"end":{"line":19,"column":42}},"loc":{"start":{"line":19,"column":42},"end":{"line":21,"column":null}},"line":19},"2":{"name":"constructor","decl":{"start":{"line":32,"column":2},"end":{"line":32,"column":14}},"loc":{"start":{"line":32,"column":61},"end":{"line":37,"column":null}},"line":32},"3":{"name":"isIdentifierKey","decl":{"start":{"line":42,"column":9},"end":{"line":42,"column":25}},"loc":{"start":{"line":42,"column":59},"end":{"line":44,"column":null}},"line":42},"4":{"name":"mapApiIds","decl":{"start":{"line":46,"column":9},"end":{"line":46,"column":19}},"loc":{"start":{"line":46,"column":92},"end":{"line":62,"column":null}},"line":46},"5":{"name":"(anonymous_5)","decl":{"start":{"line":51,"column":17},"end":{"line":51,"column":22}},"loc":{"start":{"line":51,"column":31},"end":{"line":51,"column":58}},"line":51},"6":{"name":"(anonymous_6)","decl":{"start":{"line":55,"column":28},"end":{"line":55,"column":33}},"loc":{"start":{"line":55,"column":60},"end":{"line":58,"column":7}},"line":55},"7":{"name":"apiFetch","decl":{"start":{"line":64,"column":22},"end":{"line":64,"column":null}},"loc":{"start":{"line":68,"column":14},"end":{"line":183,"column":null}},"line":68},"8":{"name":"(anonymous_8)","decl":{"start":{"line":74,"column":13},"end":{"line":74,"column":43}},"loc":{"start":{"line":74,"column":53},"end":{"line":77,"column":5}},"line":74},"9":{"name":"(anonymous_9)","decl":{"start":{"line":78,"column":13},"end":{"line":78,"column":48}},"loc":{"start":{"line":78,"column":58},"end":{"line":81,"column":5}},"line":78},"10":{"name":"(anonymous_10)","decl":{"start":{"line":103,"column":33},"end":{"line":103,"column":37}},"loc":{"start":{"line":104,"column":10},"end":{"line":112,"column":null}},"line":104},"11":{"name":"(anonymous_11)","decl":{"start":{"line":105,"column":21},"end":{"line":105,"column":51}},"loc":{"start":{"line":105,"column":61},"end":{"line":108,"column":13}},"line":105},"12":{"name":"(anonymous_12)","decl":{"start":{"line":109,"column":21},"end":{"line":109,"column":56}},"loc":{"start":{"line":109,"column":66},"end":{"line":112,"column":13}},"line":109},"13":{"name":"(anonymous_13)","decl":{"start":{"line":142,"column":13},"end":{"line":142,"column":18}},"loc":{"start":{"line":142,"column":31},"end":{"line":149,"column":13}},"line":142},"14":{"name":"(anonymous_14)","decl":{"start":{"line":145,"column":21},"end":{"line":145,"column":29}},"loc":{"start":{"line":145,"column":40},"end":{"line":145,"column":85}},"line":145},"15":{"name":"(anonymous_15)","decl":{"start":{"line":166,"column":19},"end":{"line":166,"column":26}},"loc":{"start":{"line":166,"column":34},"end":{"line":182,"column":3}},"line":166},"16":{"name":"apiFetchBlob","decl":{"start":{"line":186,"column":22},"end":{"line":186,"column":35}},"loc":{"start":{"line":186,"column":93},"end":{"line":197,"column":null}},"line":186},"17":{"name":"verifyToken","decl":{"start":{"line":201,"column":22},"end":{"line":201,"column":null}},"loc":{"start":{"line":212,"column":10},"end":{"line":222,"column":null}},"line":212},"18":{"name":"persistToken","decl":{"start":{"line":224,"column":16},"end":{"line":224,"column":29}},"loc":{"start":{"line":224,"column":50},"end":{"line":226,"column":null}},"line":224},"19":{"name":"clearToken","decl":{"start":{"line":228,"column":16},"end":{"line":228,"column":35}},"loc":{"start":{"line":228,"column":35},"end":{"line":230,"column":null}},"line":228},"20":{"name":"getStoredApiUrl","decl":{"start":{"line":232,"column":16},"end":{"line":232,"column":42}},"loc":{"start":{"line":232,"column":42},"end":{"line":235,"column":null}},"line":232},"21":{"name":"persistApiUrl","decl":{"start":{"line":237,"column":16},"end":{"line":237,"column":30}},"loc":{"start":{"line":237,"column":49},"end":{"line":240,"column":null}},"line":237}},"branchMap":{"0":{"loc":{"start":{"line":13,"column":2},"end":{"line":13,"column":null}},"type":"if","locations":[{"start":{"line":13,"column":2},"end":{"line":13,"column":null}},{"start":{},"end":{}}],"line":13},"1":{"loc":{"start":{"line":14,"column":10},"end":{"line":14,"column":null}},"type":"binary-expr","locations":[{"start":{"line":14,"column":10},"end":{"line":14,"column":53}},{"start":{"line":14,"column":53},"end":{"line":14,"column":null}}],"line":14},"2":{"loc":{"start":{"line":43,"column":9},"end":{"line":43,"column":null}},"type":"binary-expr","locations":[{"start":{"line":43,"column":9},"end":{"line":43,"column":31}},{"start":{"line":43,"column":31},"end":{"line":43,"column":51}},{"start":{"line":43,"column":51},"end":{"line":43,"column":null}}],"line":43},"3":{"loc":{"start":{"line":47,"column":2},"end":{"line":49,"column":null}},"type":"if","locations":[{"start":{"line":47,"column":2},"end":{"line":49,"column":null}},{"start":{},"end":{}}],"line":47},"4":{"loc":{"start":{"line":48,"column":11},"end":{"line":48,"column":null}},"type":"cond-expr","locations":[{"start":{"line":48,"column":34},"end":{"line":48,"column":49}},{"start":{"line":48,"column":49},"end":{"line":48,"column":null}}],"line":48},"5":{"loc":{"start":{"line":50,"column":2},"end":{"line":52,"column":null}},"type":"if","locations":[{"start":{"line":50,"column":2},"end":{"line":52,"column":null}},{"start":{},"end":{}}],"line":50},"6":{"loc":{"start":{"line":53,"column":2},"end":{"line":60,"column":null}},"type":"if","locations":[{"start":{"line":53,"column":2},"end":{"line":60,"column":null}},{"start":{},"end":{}}],"line":53},"7":{"loc":{"start":{"line":53,"column":6},"end":{"line":53,"column":51}},"type":"binary-expr","locations":[{"start":{"line":53,"column":6},"end":{"line":53,"column":24}},{"start":{"line":53,"column":24},"end":{"line":53,"column":51}}],"line":53},"8":{"loc":{"start":{"line":66,"column":2},"end":{"line":66,"column":null}},"type":"default-arg","locations":[{"start":{"line":66,"column":22},"end":{"line":66,"column":null}}],"line":66},"9":{"loc":{"start":{"line":67,"column":2},"end":{"line":67,"column":null}},"type":"default-arg","locations":[{"start":{"line":67,"column":27},"end":{"line":67,"column":null}}],"line":67},"10":{"loc":{"start":{"line":69,"column":18},"end":{"line":69,"column":null}},"type":"binary-expr","locations":[{"start":{"line":69,"column":18},"end":{"line":69,"column":34}},{"start":{"line":69,"column":34},"end":{"line":69,"column":null}}],"line":69},"11":{"loc":{"start":{"line":90,"column":2},"end":{"line":92,"column":null}},"type":"if","locations":[{"start":{"line":90,"column":2},"end":{"line":92,"column":null}},{"start":{},"end":{}}],"line":90},"12":{"loc":{"start":{"line":90,"column":6},"end":{"line":90,"column":68}},"type":"binary-expr","locations":[{"start":{"line":90,"column":6},"end":{"line":90,"column":42}},{"start":{"line":90,"column":42},"end":{"line":90,"column":68}}],"line":90},"13":{"loc":{"start":{"line":94,"column":2},"end":{"line":96,"column":null}},"type":"if","locations":[{"start":{"line":94,"column":2},"end":{"line":96,"column":null}},{"start":{},"end":{}}],"line":94},"14":{"loc":{"start":{"line":100,"column":2},"end":{"line":118,"column":null}},"type":"if","locations":[{"start":{"line":100,"column":2},"end":{"line":118,"column":null}},{"start":{},"end":{}}],"line":100},"15":{"loc":{"start":{"line":122,"column":2},"end":{"line":160,"column":null}},"type":"if","locations":[{"start":{"line":122,"column":2},"end":{"line":160,"column":null}},{"start":{},"end":{}}],"line":122},"16":{"loc":{"start":{"line":131,"column":4},"end":{"line":157,"column":null}},"type":"if","locations":[{"start":{"line":131,"column":4},"end":{"line":157,"column":null}},{"start":{"line":136,"column":11},"end":{"line":157,"column":null}}],"line":131},"17":{"loc":{"start":{"line":133,"column":8},"end":{"line":135,"column":null}},"type":"cond-expr","locations":[{"start":{"line":134,"column":12},"end":{"line":134,"column":null}},{"start":{"line":135,"column":12},"end":{"line":135,"column":null}}],"line":133},"18":{"loc":{"start":{"line":136,"column":11},"end":{"line":157,"column":null}},"type":"if","locations":[{"start":{"line":136,"column":11},"end":{"line":157,"column":null}},{"start":{},"end":{}}],"line":136},"19":{"loc":{"start":{"line":137,"column":6},"end":{"line":156,"column":null}},"type":"if","locations":[{"start":{"line":137,"column":6},"end":{"line":156,"column":null}},{"start":{"line":139,"column":13},"end":{"line":156,"column":null}}],"line":137},"20":{"loc":{"start":{"line":139,"column":13},"end":{"line":156,"column":null}},"type":"if","locations":[{"start":{"line":139,"column":13},"end":{"line":156,"column":null}},{"start":{"line":154,"column":13},"end":{"line":156,"column":null}}],"line":139},"21":{"loc":{"start":{"line":143,"column":26},"end":{"line":147,"column":null}},"type":"cond-expr","locations":[{"start":{"line":144,"column":18},"end":{"line":146,"column":null}},{"start":{"line":147,"column":18},"end":{"line":147,"column":null}}],"line":143},"22":{"loc":{"start":{"line":145,"column":40},"end":{"line":145,"column":85}},"type":"binary-expr","locations":[{"start":{"line":145,"column":40},"end":{"line":145,"column":56}},{"start":{"line":145,"column":56},"end":{"line":145,"column":73}},{"start":{"line":145,"column":73},"end":{"line":145,"column":85}}],"line":145},"23":{"loc":{"start":{"line":148,"column":21},"end":{"line":148,"column":null}},"type":"cond-expr","locations":[{"start":{"line":148,"column":27},"end":{"line":148,"column":50}},{"start":{"line":148,"column":50},"end":{"line":148,"column":null}}],"line":148},"24":{"loc":{"start":{"line":159,"column":40},"end":{"line":159,"column":70}},"type":"binary-expr","locations":[{"start":{"line":159,"column":40},"end":{"line":159,"column":59}},{"start":{"line":159,"column":59},"end":{"line":159,"column":70}}],"line":159},"25":{"loc":{"start":{"line":162,"column":2},"end":{"line":162,"column":null}},"type":"if","locations":[{"start":{"line":162,"column":2},"end":{"line":162,"column":null}},{"start":{},"end":{}}],"line":162},"26":{"loc":{"start":{"line":167,"column":4},"end":{"line":173,"column":null}},"type":"if","locations":[{"start":{"line":167,"column":4},"end":{"line":173,"column":null}},{"start":{},"end":{}}],"line":167},"27":{"loc":{"start":{"line":170,"column":6},"end":{"line":172,"column":null}},"type":"if","locations":[{"start":{"line":170,"column":6},"end":{"line":172,"column":null}},{"start":{},"end":{}}],"line":170},"28":{"loc":{"start":{"line":170,"column":10},"end":{"line":170,"column":33}},"type":"binary-expr","locations":[{"start":{"line":170,"column":10},"end":{"line":170,"column":22}},{"start":{"line":170,"column":22},"end":{"line":170,"column":33}}],"line":170},"29":{"loc":{"start":{"line":174,"column":4},"end":{"line":180,"column":null}},"type":"if","locations":[{"start":{"line":174,"column":4},"end":{"line":180,"column":null}},{"start":{},"end":{}}],"line":174},"30":{"loc":{"start":{"line":177,"column":6},"end":{"line":179,"column":null}},"type":"if","locations":[{"start":{"line":177,"column":6},"end":{"line":179,"column":null}},{"start":{},"end":{}}],"line":177},"31":{"loc":{"start":{"line":177,"column":10},"end":{"line":177,"column":33}},"type":"binary-expr","locations":[{"start":{"line":177,"column":10},"end":{"line":177,"column":22}},{"start":{"line":177,"column":22},"end":{"line":177,"column":33}}],"line":177},"32":{"loc":{"start":{"line":186,"column":49},"end":{"line":186,"column":93}},"type":"default-arg","locations":[{"start":{"line":186,"column":74},"end":{"line":186,"column":93}}],"line":186},"33":{"loc":{"start":{"line":187,"column":18},"end":{"line":187,"column":null}},"type":"binary-expr","locations":[{"start":{"line":187,"column":18},"end":{"line":187,"column":34}},{"start":{"line":187,"column":34},"end":{"line":187,"column":null}}],"line":187},"34":{"loc":{"start":{"line":190,"column":2},"end":{"line":190,"column":null}},"type":"if","locations":[{"start":{"line":190,"column":2},"end":{"line":190,"column":null}},{"start":{},"end":{}}],"line":190},"35":{"loc":{"start":{"line":193,"column":2},"end":{"line":195,"column":null}},"type":"if","locations":[{"start":{"line":193,"column":2},"end":{"line":195,"column":null}},{"start":{},"end":{}}],"line":193},"36":{"loc":{"start":{"line":217,"column":4},"end":{"line":217,"column":null}},"type":"if","locations":[{"start":{"line":217,"column":4},"end":{"line":217,"column":null}},{"start":{},"end":{}}],"line":217},"37":{"loc":{"start":{"line":233,"column":2},"end":{"line":233,"column":null}},"type":"if","locations":[{"start":{"line":233,"column":2},"end":{"line":233,"column":null}},{"start":{},"end":{}}],"line":233},"38":{"loc":{"start":{"line":234,"column":9},"end":{"line":234,"column":null}},"type":"binary-expr","locations":[{"start":{"line":234,"column":9},"end":{"line":234,"column":56}},{"start":{"line":234,"column":56},"end":{"line":234,"column":null}}],"line":234},"39":{"loc":{"start":{"line":238,"column":2},"end":{"line":238,"column":null}},"type":"if","locations":[{"start":{"line":238,"column":2},"end":{"line":238,"column":null}},{"start":{},"end":{}}],"line":238}},"s":{"0":3,"1":0,"2":0,"3":0,"4":3,"5":16,"6":2,"7":2,"8":2,"9":2,"10":3,"11":15,"12":32,"13":15,"14":17,"15":2,"16":4,"17":15,"18":15,"19":16,"20":0,"21":13,"22":13,"23":13,"24":1,"25":1,"26":1,"27":1,"28":13,"29":13,"30":13,"31":13,"32":12,"33":13,"34":13,"35":13,"36":13,"37":2,"38":2,"39":1,"40":1,"41":1,"42":0,"43":0,"44":13,"45":13,"46":1,"47":1,"48":1,"49":1,"50":1,"51":1,"52":0,"53":0,"54":0,"55":0,"56":0,"57":0,"58":0,"59":0,"60":0,"61":0,"62":0,"63":1,"64":12,"65":1,"66":11,"67":11,"68":9,"69":6,"70":6,"71":6,"72":6,"73":3,"74":3,"75":3,"76":3,"77":3,"78":0,"79":1,"80":1,"81":1,"82":1,"83":1,"84":1,"85":1,"86":0,"87":1,"88":5,"89":5,"90":4,"91":2,"92":2,"93":1,"94":6,"95":3,"96":8,"97":0,"98":8,"99":2,"100":0,"101":2},"f":{"0":0,"1":16,"2":2,"3":15,"4":32,"5":4,"6":16,"7":13,"8":1,"9":1,"10":1,"11":1,"12":0,"13":0,"14":0,"15":9,"16":1,"17":5,"18":6,"19":3,"20":8,"21":2},"b":{"0":[0,0],"1":[0,0],"2":[15,15,12],"3":[15,17],"4":[10,5],"5":[2,15],"6":[15,0],"7":[15,15],"8":[13],"9":[13],"10":[13,0],"11":[12,1],"12":[13,12],"13":[13,0],"14":[2,11],"15":[1,12],"16":[1,0],"17":[1,0],"18":[0,0],"19":[0,0],"20":[0,0],"21":[0,0],"22":[0,0,0],"23":[0,0],"24":[1,0],"25":[1,11],"26":[6,3],"27":[6,0],"28":[6,6],"29":[3,0],"30":[3,0],"31":[3,3],"32":[1],"33":[1,0],"34":[1,0],"35":[0,1],"36":[2,2],"37":[0,8],"38":[8,7],"39":[0,2]},"meta":{"lastBranch":40,"lastFunction":22,"lastStatement":102,"seen":{"s:9:24:9:Infinity":0,"f:11:9:11:30":0,"b:13:2:13:Infinity:undefined:undefined:undefined:undefined":0,"s:13:2:13:Infinity":1,"s:13:37:13:Infinity":2,"s:14:2:14:Infinity":3,"b:14:10:14:53:14:53:14:Infinity":1,"s:17:33:17:Infinity":4,"f:19:16:19:42":1,"s:20:2:20:Infinity":5,"f:32:2:32:14":2,"s:33:4:33:Infinity":6,"s:34:4:34:Infinity":7,"s:35:4:35:Infinity":8,"s:36:4:36:Infinity":9,"s:40:16:40:Infinity":10,"f:42:9:42:25":3,"s:43:2:43:Infinity":11,"b:43:9:43:31:43:31:43:51:43:51:43:Infinity":2,"f:46:9:46:19":4,"b:47:2:49:Infinity:undefined:undefined:undefined:undefined":3,"s:47:2:49:Infinity":12,"s:48:4:48:Infinity":13,"b:48:34:48:49:48:49:48:Infinity":4,"b:50:2:52:Infinity:undefined:undefined:undefined:undefined":5,"s:50:2:52:Infinity":14,"s:51:4:51:Infinity":15,"f:51:17:51:22":5,"s:51:31:51:58":16,"b:53:2:60:Infinity:undefined:undefined:undefined:undefined":6,"s:53:2:60:Infinity":17,"b:53:6:53:24:53:24:53:51":7,"s:54:4:59:Infinity":18,"f:55:28:55:33":6,"s:55:60:58:7":19,"s:61:2:61:Infinity":20,"f:64:22:64:Infinity":7,"b:66:22:66:Infinity":8,"b:67:27:67:Infinity":9,"s:69:18:69:Infinity":21,"b:69:18:69:34:69:34:69:Infinity":10,"s:70:25:70:Infinity":22,"s:73:21:81:Infinity":23,"f:74:13:74:43":8,"s:75:18:75:Infinity":24,"s:76:6:76:Infinity":25,"f:78:13:78:48":9,"s:79:18:79:Infinity":26,"s:80:6:80:Infinity":27,"s:83:14:83:Infinity":28,"s:84:16:84:Infinity":29,"s:86:42:88:Infinity":30,"b:90:2:92:Infinity:undefined:undefined:undefined:undefined":11,"s:90:2:92:Infinity":31,"b:90:6:90:42:90:42:90:68":12,"s:91:4:91:Infinity":32,"b:94:2:96:Infinity:undefined:undefined:undefined:undefined":13,"s:94:2:96:Infinity":33,"s:95:4:95:Infinity":34,"s:99:13:99:Infinity":35,"b:100:2:118:Infinity:undefined:undefined:undefined:undefined":14,"s:100:2:118:Infinity":36,"s:101:4:117:Infinity":37,"s:102:6:114:Infinity":38,"f:103:33:103:37":10,"s:104:10:112:Infinity":39,"f:105:21:105:51":11,"s:106:26:106:Infinity":40,"s:107:14:107:Infinity":41,"f:109:21:109:56":12,"s:110:26:110:Infinity":42,"s:111:14:111:Infinity":43,"s:120:19:120:Infinity":44,"b:122:2:160:Infinity:undefined:undefined:undefined:undefined":15,"s:122:2:160:Infinity":45,"s:123:72:123:Infinity":46,"s:124:4:128:Infinity":47,"s:125:6:125:Infinity":48,"s:130:17:130:Infinity":49,"b:131:4:157:Infinity:136:11:157:Infinity":16,"s:131:4:157:Infinity":50,"s:132:6:135:Infinity":51,"b:134:12:134:Infinity:135:12:135:Infinity":17,"b:136:11:157:Infinity:undefined:undefined:undefined:undefined":18,"s:136:11:157:Infinity":52,"b:137:6:156:Infinity:139:13:156:Infinity":19,"s:137:6:156:Infinity":53,"s:138:8:138:Infinity":54,"b:139:13:156:Infinity:154:13:156:Infinity":20,"s:139:13:156:Infinity":55,"s:140:8:153:Infinity":56,"s:141:10:150:Infinity":57,"f:142:13:142:18":13,"s:143:26:147:Infinity":58,"b:144:18:146:Infinity:147:18:147:Infinity":21,"f:145:21:145:29":14,"s:145:40:145:85":59,"b:145:40:145:56:145:56:145:73:145:73:145:85":22,"s:148:14:148:Infinity":60,"b:148:27:148:50:148:50:148:Infinity":23,"s:152:10:152:Infinity":61,"s:155:8:155:Infinity":62,"s:159:4:159:Infinity":63,"b:159:40:159:59:159:59:159:70":24,"b:162:2:162:Infinity:undefined:undefined:undefined:undefined":25,"s:162:2:162:Infinity":64,"s:162:31:162:Infinity":65,"s:164:15:164:Infinity":66,"s:166:2:182:Infinity":67,"f:166:19:166:26":15,"b:167:4:173:Infinity:undefined:undefined:undefined:undefined":26,"s:167:4:173:Infinity":68,"s:168:18:168:Infinity":69,"s:169:18:169:Infinity":70,"b:170:6:172:Infinity:undefined:undefined:undefined:undefined":27,"s:170:6:172:Infinity":71,"b:170:10:170:22:170:22:170:33":28,"s:171:8:171:Infinity":72,"b:174:4:180:Infinity:undefined:undefined:undefined:undefined":29,"s:174:4:180:Infinity":73,"s:175:18:175:Infinity":74,"s:176:18:176:Infinity":75,"b:177:6:179:Infinity:undefined:undefined:undefined:undefined":30,"s:177:6:179:Infinity":76,"b:177:10:177:22:177:22:177:33":31,"s:178:8:178:Infinity":77,"s:181:4:181:Infinity":78,"f:186:22:186:35":16,"b:186:74:186:93":32,"s:187:18:187:Infinity":79,"b:187:18:187:34:187:34:187:Infinity":33,"s:188:16:188:Infinity":80,"s:189:42:189:Infinity":81,"b:190:2:190:Infinity:undefined:undefined:undefined:undefined":34,"s:190:2:190:Infinity":82,"s:190:13:190:Infinity":83,"s:192:19:192:Infinity":84,"b:193:2:195:Infinity:undefined:undefined:undefined:undefined":35,"s:193:2:195:Infinity":85,"s:194:4:194:Infinity":86,"s:196:2:196:Infinity":87,"f:201:22:201:Infinity":17,"s:213:2:221:Infinity":88,"s:214:16:216:Infinity":89,"b:217:4:217:Infinity:undefined:undefined:undefined:undefined":36,"s:217:4:217:Infinity":90,"s:217:17:217:Infinity":91,"s:218:4:218:Infinity":92,"s:220:4:220:Infinity":93,"f:224:16:224:29":18,"s:225:2:225:Infinity":94,"f:228:16:228:35":19,"s:229:2:229:Infinity":95,"f:232:16:232:42":20,"b:233:2:233:Infinity:undefined:undefined:undefined:undefined":37,"s:233:2:233:Infinity":96,"s:233:37:233:Infinity":97,"s:234:2:234:Infinity":98,"b:234:9:234:56:234:56:234:Infinity":38,"f:237:16:237:30":21,"b:238:2:238:Infinity:undefined:undefined:undefined:undefined":39,"s:238:2:238:Infinity":99,"s:238:37:238:Infinity":100,"s:239:2:239:Infinity":101},"fnNames":{}}}
,"D:\\projects\\chatbot-hospital-system\\app\\frontend\\src\\lib\\auth-context.tsx": {"path":"D:\\projects\\chatbot-hospital-system\\app\\frontend\\src\\lib\\auth-context.tsx","statementMap":{"0":{"start":{"line":50,"column":6},"end":{"line":50,"column":null}},"1":{"start":{"line":52,"column":24},"end":{"line":52,"column":null}},"2":{"start":{"line":55,"column":19},"end":{"line":55,"column":null}},"3":{"start":{"line":56,"column":19},"end":{"line":56,"column":null}},"4":{"start":{"line":57,"column":16},"end":{"line":57,"column":null}},"5":{"start":{"line":58,"column":17},"end":{"line":58,"column":null}},"6":{"start":{"line":59,"column":18},"end":{"line":59,"column":null}},"7":{"start":{"line":60,"column":16},"end":{"line":60,"column":null}},"8":{"start":{"line":62,"column":2},"end":{"line":67,"column":null}},"9":{"start":{"line":63,"column":10},"end":{"line":63,"column":null}},"10":{"start":{"line":64,"column":4},"end":{"line":64,"column":null}},"11":{"start":{"line":64,"column":19},"end":{"line":64,"column":null}},"12":{"start":{"line":66,"column":4},"end":{"line":66,"column":null}},"13":{"start":{"line":69,"column":8},"end":{"line":72,"column":null}},"14":{"start":{"line":70,"column":4},"end":{"line":70,"column":null}},"15":{"start":{"line":71,"column":4},"end":{"line":71,"column":null}},"16":{"start":{"line":74,"column":8},"end":{"line":120,"column":null}},"17":{"start":{"line":76,"column":6},"end":{"line":76,"column":null}},"18":{"start":{"line":77,"column":6},"end":{"line":77,"column":null}},"19":{"start":{"line":78,"column":6},"end":{"line":117,"column":null}},"20":{"start":{"line":79,"column":25},"end":{"line":79,"column":null}},"21":{"start":{"line":80,"column":8},"end":{"line":80,"column":null}},"22":{"start":{"line":81,"column":8},"end":{"line":81,"column":null}},"23":{"start":{"line":83,"column":20},"end":{"line":87,"column":null}},"24":{"start":{"line":89,"column":8},"end":{"line":94,"column":null}},"25":{"start":{"line":90,"column":26},"end":{"line":90,"column":null}},"26":{"start":{"line":90,"column":56},"end":{"line":90,"column":59}},"27":{"start":{"line":91,"column":10},"end":{"line":91,"column":null}},"28":{"start":{"line":92,"column":10},"end":{"line":92,"column":null}},"29":{"start":{"line":93,"column":10},"end":{"line":93,"column":null}},"30":{"start":{"line":96,"column":21},"end":{"line":96,"column":null}},"31":{"start":{"line":97,"column":25},"end":{"line":97,"column":null}},"32":{"start":{"line":98,"column":8},"end":{"line":98,"column":null}},"33":{"start":{"line":99,"column":8},"end":{"line":99,"column":null}},"34":{"start":{"line":101,"column":21},"end":{"line":101,"column":null}},"35":{"start":{"line":102,"column":8},"end":{"line":106,"column":null}},"36":{"start":{"line":103,"column":10},"end":{"line":103,"column":null}},"37":{"start":{"line":104,"column":10},"end":{"line":104,"column":null}},"38":{"start":{"line":105,"column":10},"end":{"line":105,"column":null}},"39":{"start":{"line":108,"column":8},"end":{"line":108,"column":null}},"40":{"start":{"line":109,"column":8},"end":{"line":109,"column":null}},"41":{"start":{"line":110,"column":8},"end":{"line":110,"column":null}},"42":{"start":{"line":111,"column":8},"end":{"line":111,"column":null}},"43":{"start":{"line":112,"column":8},"end":{"line":112,"column":null}},"44":{"start":{"line":114,"column":8},"end":{"line":114,"column":null}},"45":{"start":{"line":115,"column":8},"end":{"line":115,"column":null}},"46":{"start":{"line":116,"column":8},"end":{"line":116,"column":null}},"47":{"start":{"line":122,"column":8},"end":{"line":127,"column":null}},"48":{"start":{"line":123,"column":4},"end":{"line":123,"column":null}},"49":{"start":{"line":124,"column":4},"end":{"line":124,"column":null}},"50":{"start":{"line":125,"column":4},"end":{"line":125,"column":null}},"51":{"start":{"line":126,"column":4},"end":{"line":126,"column":null}},"52":{"start":{"line":129,"column":8},"end":{"line":142,"column":null}},"53":{"start":{"line":130,"column":11},"end":{"line":140,"column":null}},"54":{"start":{"line":144,"column":2},"end":{"line":144,"column":null}},"55":{"start":{"line":148,"column":8},"end":{"line":148,"column":null}},"56":{"start":{"line":149,"column":2},"end":{"line":149,"column":null}},"57":{"start":{"line":149,"column":12},"end":{"line":149,"column":null}},"58":{"start":{"line":150,"column":2},"end":{"line":150,"column":null}}},"fnMap":{"0":{"name":"AuthProvider","decl":{"start":{"line":54,"column":16},"end":{"line":54,"column":29}},"loc":{"start":{"line":54,"column":68},"end":{"line":145,"column":null}},"line":54},"1":{"name":"(anonymous_1)","decl":{"start":{"line":62,"column":2},"end":{"line":62,"column":18}},"loc":{"start":{"line":62,"column":18},"end":{"line":67,"column":5}},"line":62},"2":{"name":"(anonymous_2)","decl":{"start":{"line":69,"column":20},"end":{"line":69,"column":33}},"loc":{"start":{"line":69,"column":49},"end":{"line":72,"column":5}},"line":69},"3":{"name":"(anonymous_3)","decl":{"start":{"line":75,"column":4},"end":{"line":75,"column":11}},"loc":{"start":{"line":75,"column":68},"end":{"line":118,"column":null}},"line":75},"4":{"name":"(anonymous_4)","decl":{"start":{"line":90,"column":43},"end":{"line":90,"column":56}},"loc":{"start":{"line":90,"column":56},"end":{"line":90,"column":59}},"line":90},"5":{"name":"(anonymous_5)","decl":{"start":{"line":122,"column":17},"end":{"line":122,"column":35}},"loc":{"start":{"line":122,"column":35},"end":{"line":127,"column":5}},"line":122},"6":{"name":"(anonymous_6)","decl":{"start":{"line":129,"column":16},"end":{"line":129,"column":null}},"loc":{"start":{"line":130,"column":11},"end":{"line":140,"column":null}},"line":130},"7":{"name":"useAuth","decl":{"start":{"line":147,"column":16},"end":{"line":147,"column":44}},"loc":{"start":{"line":147,"column":44},"end":{"line":151,"column":null}},"line":147}},"branchMap":{"0":{"loc":{"start":{"line":64,"column":4},"end":{"line":64,"column":null}},"type":"if","locations":[{"start":{"line":64,"column":4},"end":{"line":64,"column":null}},{"start":{},"end":{}}],"line":64},"1":{"loc":{"start":{"line":89,"column":8},"end":{"line":94,"column":null}},"type":"if","locations":[{"start":{"line":89,"column":8},"end":{"line":94,"column":null}},{"start":{},"end":{}}],"line":89},"2":{"loc":{"start":{"line":91,"column":19},"end":{"line":91,"column":77}},"type":"binary-expr","locations":[{"start":{"line":91,"column":19},"end":{"line":91,"column":37}},{"start":{"line":91,"column":37},"end":{"line":91,"column":56}},{"start":{"line":91,"column":56},"end":{"line":91,"column":77}}],"line":91},"3":{"loc":{"start":{"line":102,"column":8},"end":{"line":106,"column":null}},"type":"if","locations":[{"start":{"line":102,"column":8},"end":{"line":106,"column":null}},{"start":{},"end":{}}],"line":102},"4":{"loc":{"start":{"line":114,"column":17},"end":{"line":114,"column":69}},"type":"cond-expr","locations":[{"start":{"line":114,"column":38},"end":{"line":114,"column":50}},{"start":{"line":114,"column":50},"end":{"line":114,"column":69}}],"line":114},"5":{"loc":{"start":{"line":149,"column":2},"end":{"line":149,"column":null}},"type":"if","locations":[{"start":{"line":149,"column":2},"end":{"line":149,"column":null}},{"start":{},"end":{}}],"line":149}},"s":{"0":2,"1":2,"2":17,"3":17,"4":17,"5":17,"6":17,"7":17,"8":17,"9":6,"10":6,"11":6,"12":6,"13":17,"14":1,"15":1,"16":17,"17":3,"18":3,"19":3,"20":3,"21":3,"22":3,"23":3,"24":3,"25":1,"26":0,"27":1,"28":1,"29":1,"30":2,"31":2,"32":2,"33":2,"34":2,"35":2,"36":1,"37":1,"38":1,"39":1,"40":1,"41":1,"42":1,"43":1,"44":0,"45":0,"46":0,"47":17,"48":1,"49":1,"50":1,"51":1,"52":17,"53":17,"54":17,"55":20,"56":20,"57":2,"58":17},"f":{"0":17,"1":6,"2":1,"3":3,"4":0,"5":1,"6":17,"7":20},"b":{"0":[6,0],"1":[1,2],"2":[1,0,0],"3":[1,1],"4":[0,0],"5":[2,18]},"meta":{"lastBranch":6,"lastFunction":8,"lastStatement":59,"seen":{"s:50:6:50:Infinity":0,"s:52:24:52:Infinity":1,"f:54:16:54:29":0,"s:55:19:55:Infinity":2,"s:56:19:56:Infinity":3,"s:57:16:57:Infinity":4,"s:58:17:58:Infinity":5,"s:59:18:59:Infinity":6,"s:60:16:60:Infinity":7,"s:62:2:67:Infinity":8,"f:62:2:62:18":1,"s:63:10:63:Infinity":9,"b:64:4:64:Infinity:undefined:undefined:undefined:undefined":0,"s:64:4:64:Infinity":10,"s:64:19:64:Infinity":11,"s:66:4:66:Infinity":12,"s:69:8:72:Infinity":13,"f:69:20:69:33":2,"s:70:4:70:Infinity":14,"s:71:4:71:Infinity":15,"s:74:8:120:Infinity":16,"f:75:4:75:11":3,"s:76:6:76:Infinity":17,"s:77:6:77:Infinity":18,"s:78:6:117:Infinity":19,"s:79:25:79:Infinity":20,"s:80:8:80:Infinity":21,"s:81:8:81:Infinity":22,"s:83:20:87:Infinity":23,"b:89:8:94:Infinity:undefined:undefined:undefined:undefined":1,"s:89:8:94:Infinity":24,"s:90:26:90:Infinity":25,"f:90:43:90:56":4,"s:90:56:90:59":26,"s:91:10:91:Infinity":27,"b:91:19:91:37:91:37:91:56:91:56:91:77":2,"s:92:10:92:Infinity":28,"s:93:10:93:Infinity":29,"s:96:21:96:Infinity":30,"s:97:25:97:Infinity":31,"s:98:8:98:Infinity":32,"s:99:8:99:Infinity":33,"s:101:21:101:Infinity":34,"b:102:8:106:Infinity:undefined:undefined:undefined:undefined":3,"s:102:8:106:Infinity":35,"s:103:10:103:Infinity":36,"s:104:10:104:Infinity":37,"s:105:10:105:Infinity":38,"s:108:8:108:Infinity":39,"s:109:8:109:Infinity":40,"s:110:8:110:Infinity":41,"s:111:8:111:Infinity":42,"s:112:8:112:Infinity":43,"s:114:8:114:Infinity":44,"b:114:38:114:50:114:50:114:69":4,"s:115:8:115:Infinity":45,"s:116:8:116:Infinity":46,"s:122:8:127:Infinity":47,"f:122:17:122:35":5,"s:123:4:123:Infinity":48,"s:124:4:124:Infinity":49,"s:125:4:125:Infinity":50,"s:126:4:126:Infinity":51,"s:129:8:142:Infinity":52,"f:129:16:129:Infinity":6,"s:130:11:140:Infinity":53,"s:144:2:144:Infinity":54,"f:147:16:147:44":7,"s:148:8:148:Infinity":55,"b:149:2:149:Infinity:undefined:undefined:undefined:undefined":5,"s:149:2:149:Infinity":56,"s:149:12:149:Infinity":57,"s:150:2:150:Infinity":58},"fnNames":{}}}
,"D:\\projects\\chatbot-hospital-system\\app\\frontend\\src\\lib\\errors.ts": {"path":"D:\\projects\\chatbot-hospital-system\\app\\frontend\\src\\lib\\errors.ts","statementMap":{"0":{"start":{"line":40,"column":58},"end":{"line":273,"column":null}},"1":{"start":{"line":276,"column":2},"end":{"line":276,"column":null}},"2":{"start":{"line":281,"column":2},"end":{"line":281,"column":null}},"3":{"start":{"line":281,"column":12},"end":{"line":281,"column":null}},"4":{"start":{"line":282,"column":15},"end":{"line":282,"column":null}},"5":{"start":{"line":283,"column":2},"end":{"line":283,"column":null}}},"fnMap":{"0":{"name":"getError","decl":{"start":{"line":275,"column":16},"end":{"line":275,"column":25}},"loc":{"start":{"line":275,"column":59},"end":{"line":277,"column":null}},"line":275},"1":{"name":"isChunkLoadError","decl":{"start":{"line":280,"column":16},"end":{"line":280,"column":33}},"loc":{"start":{"line":280,"column":56},"end":{"line":284,"column":null}},"line":280}},"branchMap":{"0":{"loc":{"start":{"line":276,"column":9},"end":{"line":276,"column":null}},"type":"binary-expr","locations":[{"start":{"line":276,"column":9},"end":{"line":276,"column":25}},{"start":{"line":276,"column":25},"end":{"line":276,"column":null}}],"line":276},"1":{"loc":{"start":{"line":281,"column":2},"end":{"line":281,"column":null}},"type":"if","locations":[{"start":{"line":281,"column":2},"end":{"line":281,"column":null}},{"start":{},"end":{}}],"line":281},"2":{"loc":{"start":{"line":282,"column":15},"end":{"line":282,"column":null}},"type":"binary-expr","locations":[{"start":{"line":282,"column":15},"end":{"line":282,"column":41}},{"start":{"line":282,"column":41},"end":{"line":282,"column":null}}],"line":282}},"s":{"0":1,"1":2,"2":8,"3":2,"4":6,"5":8},"f":{"0":2,"1":8},"b":{"0":[2,1],"1":[2,6],"2":[6,2]},"meta":{"lastBranch":3,"lastFunction":2,"lastStatement":6,"seen":{"s:40:58:273:Infinity":0,"f:275:16:275:25":0,"s:276:2:276:Infinity":1,"b:276:9:276:25:276:25:276:Infinity":0,"f:280:16:280:33":1,"b:281:2:281:Infinity:undefined:undefined:undefined:undefined":1,"s:281:2:281:Infinity":2,"s:281:12:281:Infinity":3,"s:282:15:282:Infinity":4,"b:282:15:282:41:282:41:282:Infinity":2,"s:283:2:283:Infinity":5},"fnNames":{}}}
,"D:\\projects\\chatbot-hospital-system\\app\\frontend\\src\\lib\\format.ts": {"path":"D:\\projects\\chatbot-hospital-system\\app\\frontend\\src\\lib\\format.ts","statementMap":{"0":{"start":{"line":2,"column":15},"end":{"line":2,"column":null}},"1":{"start":{"line":5,"column":2},"end":{"line":5,"column":null}},"2":{"start":{"line":9,"column":12},"end":{"line":9,"column":null}},"3":{"start":{"line":10,"column":2},"end":{"line":10,"column":null}},"4":{"start":{"line":14,"column":12},"end":{"line":14,"column":null}},"5":{"start":{"line":15,"column":2},"end":{"line":15,"column":null}},"6":{"start":{"line":19,"column":12},"end":{"line":19,"column":null}},"7":{"start":{"line":20,"column":2},"end":{"line":20,"column":null}},"8":{"start":{"line":27,"column":12},"end":{"line":27,"column":null}},"9":{"start":{"line":28,"column":15},"end":{"line":28,"column":null}},"10":{"start":{"line":29,"column":12},"end":{"line":29,"column":null}},"11":{"start":{"line":30,"column":2},"end":{"line":30,"column":null}},"12":{"start":{"line":30,"column":13},"end":{"line":30,"column":null}},"13":{"start":{"line":31,"column":2},"end":{"line":31,"column":null}},"14":{"start":{"line":31,"column":14},"end":{"line":31,"column":null}},"15":{"start":{"line":32,"column":12},"end":{"line":32,"column":null}},"16":{"start":{"line":33,"column":2},"end":{"line":33,"column":null}},"17":{"start":{"line":33,"column":14},"end":{"line":33,"column":null}},"18":{"start":{"line":34,"column":12},"end":{"line":34,"column":null}},"19":{"start":{"line":35,"column":2},"end":{"line":35,"column":null}},"20":{"start":{"line":39,"column":2},"end":{"line":39,"column":null}}},"fnMap":{"0":{"name":"pad","decl":{"start":{"line":4,"column":9},"end":{"line":4,"column":13}},"loc":{"start":{"line":4,"column":24},"end":{"line":6,"column":null}},"line":4},"1":{"name":"formatDateTime","decl":{"start":{"line":8,"column":16},"end":{"line":8,"column":31}},"loc":{"start":{"line":8,"column":68},"end":{"line":11,"column":null}},"line":8},"2":{"name":"formatDate","decl":{"start":{"line":13,"column":16},"end":{"line":13,"column":27}},"loc":{"start":{"line":13,"column":64},"end":{"line":16,"column":null}},"line":13},"3":{"name":"formatTime","decl":{"start":{"line":18,"column":16},"end":{"line":18,"column":27}},"loc":{"start":{"line":18,"column":64},"end":{"line":21,"column":null}},"line":18},"4":{"name":"formatRelative","decl":{"start":{"line":23,"column":16},"end":{"line":23,"column":null}},"loc":{"start":{"line":26,"column":10},"end":{"line":36,"column":null}},"line":26},"5":{"name":"formatNumber","decl":{"start":{"line":38,"column":16},"end":{"line":38,"column":29}},"loc":{"start":{"line":38,"column":48},"end":{"line":40,"column":null}},"line":38}},"branchMap":{"0":{"loc":{"start":{"line":5,"column":9},"end":{"line":5,"column":null}},"type":"cond-expr","locations":[{"start":{"line":5,"column":18},"end":{"line":5,"column":28}},{"start":{"line":5,"column":28},"end":{"line":5,"column":null}}],"line":5},"1":{"loc":{"start":{"line":25,"column":2},"end":{"line":25,"column":null}},"type":"default-arg","locations":[{"start":{"line":25,"column":8},"end":{"line":25,"column":null}}],"line":25},"2":{"loc":{"start":{"line":30,"column":2},"end":{"line":30,"column":null}},"type":"if","locations":[{"start":{"line":30,"column":2},"end":{"line":30,"column":null}},{"start":{},"end":{}}],"line":30},"3":{"loc":{"start":{"line":31,"column":2},"end":{"line":31,"column":null}},"type":"if","locations":[{"start":{"line":31,"column":2},"end":{"line":31,"column":null}},{"start":{},"end":{}}],"line":31},"4":{"loc":{"start":{"line":33,"column":2},"end":{"line":33,"column":null}},"type":"if","locations":[{"start":{"line":33,"column":2},"end":{"line":33,"column":null}},{"start":{},"end":{}}],"line":33}},"s":{"0":1,"1":4,"2":1,"3":1,"4":1,"5":1,"6":1,"7":1,"8":4,"9":4,"10":4,"11":4,"12":1,"13":3,"14":1,"15":2,"16":2,"17":1,"18":1,"19":1,"20":1},"f":{"0":4,"1":1,"2":1,"3":1,"4":4,"5":1},"b":{"0":[4,0],"1":[4],"2":[1,3],"3":[1,2],"4":[1,1]},"meta":{"lastBranch":5,"lastFunction":6,"lastStatement":21,"seen":{"s:2:15:2:Infinity":0,"f:4:9:4:13":0,"s:5:2:5:Infinity":1,"b:5:18:5:28:5:28:5:Infinity":0,"f:8:16:8:31":1,"s:9:12:9:Infinity":2,"s:10:2:10:Infinity":3,"f:13:16:13:27":2,"s:14:12:14:Infinity":4,"s:15:2:15:Infinity":5,"f:18:16:18:27":3,"s:19:12:19:Infinity":6,"s:20:2:20:Infinity":7,"f:23:16:23:Infinity":4,"b:25:8:25:Infinity":1,"s:27:12:27:Infinity":8,"s:28:15:28:Infinity":9,"s:29:12:29:Infinity":10,"b:30:2:30:Infinity:undefined:undefined:undefined:undefined":2,"s:30:2:30:Infinity":11,"s:30:13:30:Infinity":12,"b:31:2:31:Infinity:undefined:undefined:undefined:undefined":3,"s:31:2:31:Infinity":13,"s:31:14:31:Infinity":14,"s:32:12:32:Infinity":15,"b:33:2:33:Infinity:undefined:undefined:undefined:undefined":4,"s:33:2:33:Infinity":16,"s:33:14:33:Infinity":17,"s:34:12:34:Infinity":18,"s:35:2:35:Infinity":19,"f:38:16:38:29":5,"s:39:2:39:Infinity":20},"fnNames":{}}}
,"D:\\projects\\chatbot-hospital-system\\app\\frontend\\src\\lib\\rbac.ts": {"path":"D:\\projects\\chatbot-hospital-system\\app\\frontend\\src\\lib\\rbac.ts","statementMap":{"0":{"start":{"line":10,"column":73},"end":{"line":26,"column":null}},"1":{"start":{"line":28,"column":48},"end":{"line":36,"column":null}},"2":{"start":{"line":38,"column":47},"end":{"line":46,"column":null}},"3":{"start":{"line":49,"column":19},"end":{"line":59,"column":null}},"4":{"start":{"line":62,"column":62},"end":{"line":92,"column":null}},"5":{"start":{"line":95,"column":52},"end":{"line":119,"column":null}},"6":{"start":{"line":123,"column":2},"end":{"line":136,"column":null}},"7":{"start":{"line":125,"column":6},"end":{"line":125,"column":null}},"8":{"start":{"line":127,"column":6},"end":{"line":127,"column":null}},"9":{"start":{"line":129,"column":6},"end":{"line":129,"column":null}},"10":{"start":{"line":131,"column":6},"end":{"line":131,"column":null}},"11":{"start":{"line":133,"column":6},"end":{"line":133,"column":null}},"12":{"start":{"line":135,"column":6},"end":{"line":135,"column":null}},"13":{"start":{"line":140,"column":25},"end":{"line":140,"column":null}},"14":{"start":{"line":143,"column":2},"end":{"line":143,"column":null}},"15":{"start":{"line":143,"column":13},"end":{"line":143,"column":null}},"16":{"start":{"line":144,"column":2},"end":{"line":144,"column":null}},"17":{"start":{"line":144,"column":24},"end":{"line":144,"column":null}},"18":{"start":{"line":145,"column":2},"end":{"line":145,"column":null}},"19":{"start":{"line":145,"column":35},"end":{"line":145,"column":57}},"20":{"start":{"line":145,"column":60},"end":{"line":145,"column":null}},"21":{"start":{"line":148,"column":2},"end":{"line":150,"column":null}},"22":{"start":{"line":148,"column":29},"end":{"line":148,"column":75}},"23":{"start":{"line":149,"column":4},"end":{"line":149,"column":null}},"24":{"start":{"line":153,"column":2},"end":{"line":157,"column":null}},"25":{"start":{"line":154,"column":4},"end":{"line":156,"column":null}},"26":{"start":{"line":155,"column":6},"end":{"line":155,"column":null}},"27":{"start":{"line":159,"column":2},"end":{"line":159,"column":null}},"28":{"start":{"line":163,"column":2},"end":{"line":163,"column":null}},"29":{"start":{"line":167,"column":2},"end":{"line":167,"column":null}},"30":{"start":{"line":172,"column":2},"end":{"line":172,"column":null}},"31":{"start":{"line":178,"column":2},"end":{"line":178,"column":null}},"32":{"start":{"line":178,"column":43},"end":{"line":178,"column":null}},"33":{"start":{"line":179,"column":2},"end":{"line":179,"column":null}},"34":{"start":{"line":179,"column":50},"end":{"line":179,"column":null}},"35":{"start":{"line":180,"column":2},"end":{"line":180,"column":null}},"36":{"start":{"line":181,"column":2},"end":{"line":181,"column":null}}},"fnMap":{"0":{"name":"landingFor","decl":{"start":{"line":122,"column":16},"end":{"line":122,"column":27}},"loc":{"start":{"line":122,"column":47},"end":{"line":137,"column":null}},"line":122},"1":{"name":"canAccess","decl":{"start":{"line":142,"column":16},"end":{"line":142,"column":26}},"loc":{"start":{"line":142,"column":84},"end":{"line":160,"column":null}},"line":142},"2":{"name":"(anonymous_2)","decl":{"start":{"line":145,"column":23},"end":{"line":145,"column":29}},"loc":{"start":{"line":145,"column":35},"end":{"line":145,"column":57}},"line":145},"3":{"name":"(anonymous_3)","decl":{"start":{"line":148,"column":17},"end":{"line":148,"column":23}},"loc":{"start":{"line":148,"column":29},"end":{"line":148,"column":75}},"line":148},"4":{"name":"canAccessPatientTab","decl":{"start":{"line":162,"column":16},"end":{"line":162,"column":36}},"loc":{"start":{"line":162,"column":70},"end":{"line":164,"column":null}},"line":162},"5":{"name":"canCreatePatient","decl":{"start":{"line":166,"column":16},"end":{"line":166,"column":33}},"loc":{"start":{"line":166,"column":54},"end":{"line":168,"column":null}},"line":166},"6":{"name":"firstAllowedPatientTab","decl":{"start":{"line":171,"column":16},"end":{"line":171,"column":39}},"loc":{"start":{"line":171,"column":59},"end":{"line":173,"column":null}},"line":171},"7":{"name":"forbiddenReason","decl":{"start":{"line":176,"column":16},"end":{"line":176,"column":32}},"loc":{"start":{"line":176,"column":90},"end":{"line":182,"column":null}},"line":176}},"branchMap":{"0":{"loc":{"start":{"line":123,"column":2},"end":{"line":136,"column":null}},"type":"switch","locations":[{"start":{"line":124,"column":4},"end":{"line":125,"column":null}},{"start":{"line":126,"column":4},"end":{"line":127,"column":null}},{"start":{"line":128,"column":4},"end":{"line":129,"column":null}},{"start":{"line":130,"column":4},"end":{"line":131,"column":null}},{"start":{"line":132,"column":4},"end":{"line":133,"column":null}},{"start":{"line":134,"column":4},"end":{"line":135,"column":null}}],"line":123},"1":{"loc":{"start":{"line":143,"column":2},"end":{"line":143,"column":null}},"type":"if","locations":[{"start":{"line":143,"column":2},"end":{"line":143,"column":null}},{"start":{},"end":{}}],"line":143},"2":{"loc":{"start":{"line":144,"column":2},"end":{"line":144,"column":null}},"type":"if","locations":[{"start":{"line":144,"column":2},"end":{"line":144,"column":null}},{"start":{},"end":{}}],"line":144},"3":{"loc":{"start":{"line":145,"column":2},"end":{"line":145,"column":null}},"type":"if","locations":[{"start":{"line":145,"column":2},"end":{"line":145,"column":null}},{"start":{},"end":{}}],"line":145},"4":{"loc":{"start":{"line":148,"column":2},"end":{"line":150,"column":null}},"type":"if","locations":[{"start":{"line":148,"column":2},"end":{"line":150,"column":null}},{"start":{},"end":{}}],"line":148},"5":{"loc":{"start":{"line":148,"column":29},"end":{"line":148,"column":75}},"type":"binary-expr","locations":[{"start":{"line":148,"column":29},"end":{"line":148,"column":47}},{"start":{"line":148,"column":47},"end":{"line":148,"column":75}}],"line":148},"6":{"loc":{"start":{"line":154,"column":4},"end":{"line":156,"column":null}},"type":"if","locations":[{"start":{"line":154,"column":4},"end":{"line":156,"column":null}},{"start":{},"end":{}}],"line":154},"7":{"loc":{"start":{"line":154,"column":8},"end":{"line":154,"column":78}},"type":"binary-expr","locations":[{"start":{"line":154,"column":8},"end":{"line":154,"column":37}},{"start":{"line":154,"column":37},"end":{"line":154,"column":78}}],"line":154},"8":{"loc":{"start":{"line":163,"column":9},"end":{"line":163,"column":null}},"type":"binary-expr","locations":[{"start":{"line":163,"column":9},"end":{"line":163,"column":46}},{"start":{"line":163,"column":46},"end":{"line":163,"column":null}}],"line":163},"9":{"loc":{"start":{"line":172,"column":9},"end":{"line":172,"column":null}},"type":"binary-expr","locations":[{"start":{"line":172,"column":9},"end":{"line":172,"column":36}},{"start":{"line":172,"column":36},"end":{"line":172,"column":null}}],"line":172},"10":{"loc":{"start":{"line":178,"column":2},"end":{"line":178,"column":null}},"type":"if","locations":[{"start":{"line":178,"column":2},"end":{"line":178,"column":null}},{"start":{},"end":{}}],"line":178},"11":{"loc":{"start":{"line":179,"column":2},"end":{"line":179,"column":null}},"type":"if","locations":[{"start":{"line":179,"column":2},"end":{"line":179,"column":null}},{"start":{},"end":{}}],"line":179}},"s":{"0":1,"1":1,"2":1,"3":1,"4":1,"5":1,"6":6,"7":1,"8":1,"9":1,"10":0,"11":1,"12":2,"13":1,"14":33,"15":2,"16":31,"17":9,"18":22,"19":39,"20":10,"21":12,"22":67,"23":9,"24":3,"25":7,"26":3,"27":0,"28":5,"29":7,"30":2,"31":4,"32":2,"33":2,"34":0,"35":2,"36":2},"f":{"0":6,"1":33,"2":39,"3":67,"4":5,"5":7,"6":2,"7":4},"b":{"0":[1,1,1,0,1,2],"1":[2,31],"2":[9,22],"3":[10,12],"4":[9,3],"5":[67,59],"6":[3,4],"7":[7,6],"8":[5,0],"9":[2,0],"10":[2,2],"11":[0,2]},"meta":{"lastBranch":12,"lastFunction":8,"lastStatement":37,"seen":{"s:10:73:26:Infinity":0,"s:28:48:36:Infinity":1,"s:38:47:46:Infinity":2,"s:49:19:59:Infinity":3,"s:62:62:92:Infinity":4,"s:95:52:119:Infinity":5,"f:122:16:122:27":0,"b:124:4:125:Infinity:126:4:127:Infinity:128:4:129:Infinity:130:4:131:Infinity:132:4:133:Infinity:134:4:135:Infinity":0,"s:123:2:136:Infinity":6,"s:125:6:125:Infinity":7,"s:127:6:127:Infinity":8,"s:129:6:129:Infinity":9,"s:131:6:131:Infinity":10,"s:133:6:133:Infinity":11,"s:135:6:135:Infinity":12,"s:140:25:140:Infinity":13,"f:142:16:142:26":1,"b:143:2:143:Infinity:undefined:undefined:undefined:undefined":1,"s:143:2:143:Infinity":14,"s:143:13:143:Infinity":15,"b:144:2:144:Infinity:undefined:undefined:undefined:undefined":2,"s:144:2:144:Infinity":16,"s:144:24:144:Infinity":17,"b:145:2:145:Infinity:undefined:undefined:undefined:undefined":3,"s:145:2:145:Infinity":18,"f:145:23:145:29":2,"s:145:35:145:57":19,"s:145:60:145:Infinity":20,"b:148:2:150:Infinity:undefined:undefined:undefined:undefined":4,"s:148:2:150:Infinity":21,"f:148:17:148:23":3,"s:148:29:148:75":22,"b:148:29:148:47:148:47:148:75":5,"s:149:4:149:Infinity":23,"s:153:2:157:Infinity":24,"b:154:4:156:Infinity:undefined:undefined:undefined:undefined":6,"s:154:4:156:Infinity":25,"b:154:8:154:37:154:37:154:78":7,"s:155:6:155:Infinity":26,"s:159:2:159:Infinity":27,"f:162:16:162:36":4,"s:163:2:163:Infinity":28,"b:163:9:163:46:163:46:163:Infinity":8,"f:166:16:166:33":5,"s:167:2:167:Infinity":29,"f:171:16:171:39":6,"s:172:2:172:Infinity":30,"b:172:9:172:36:172:36:172:Infinity":9,"f:176:16:176:32":7,"b:178:2:178:Infinity:undefined:undefined:undefined:undefined":10,"s:178:2:178:Infinity":31,"s:178:43:178:Infinity":32,"b:179:2:179:Infinity:undefined:undefined:undefined:undefined":11,"s:179:2:179:Infinity":33,"s:179:50:179:Infinity":34,"s:180:2:180:Infinity":35,"s:181:2:181:Infinity":36},"fnNames":{}}}
,"D:\\projects\\chatbot-hospital-system\\app\\frontend\\src\\lib\\session.tsx": {"path":"D:\\projects\\chatbot-hospital-system\\app\\frontend\\src\\lib\\session.tsx","statementMap":{"0":{"start":{"line":16,"column":20},"end":{"line":16,"column":null}},"1":{"start":{"line":37,"column":6},"end":{"line":37,"column":null}},"2":{"start":{"line":45,"column":15},"end":{"line":45,"column":null}},"3":{"start":{"line":47,"column":4},"end":{"line":49,"column":null}},"4":{"start":{"line":50,"column":8},"end":{"line":50,"column":null}},"5":{"start":{"line":52,"column":2},"end":{"line":62,"column":null}},"6":{"start":{"line":53,"column":47},"end":{"line":60,"column":null}},"7":{"start":{"line":61,"column":4},"end":{"line":61,"column":null}},"8":{"start":{"line":64,"column":2},"end":{"line":64,"column":null}},"9":{"start":{"line":68,"column":37},"end":{"line":68,"column":null}},"10":{"start":{"line":69,"column":18},"end":{"line":69,"column":null}},"11":{"start":{"line":70,"column":19},"end":{"line":70,"column":null}},"12":{"start":{"line":74,"column":2},"end":{"line":106,"column":null}},"13":{"start":{"line":75,"column":4},"end":{"line":75,"column":null}},"14":{"start":{"line":75,"column":23},"end":{"line":75,"column":null}},"15":{"start":{"line":77,"column":4},"end":{"line":104,"column":null}},"16":{"start":{"line":78,"column":19},"end":{"line":78,"column":null}},"17":{"start":{"line":79,"column":16},"end":{"line":79,"column":null}},"18":{"start":{"line":80,"column":6},"end":{"line":80,"column":null}},"19":{"start":{"line":81,"column":6},"end":{"line":81,"column":null}},"20":{"start":{"line":83,"column":6},"end":{"line":103,"column":null}},"21":{"start":{"line":84,"column":20},"end":{"line":84,"column":null}},"22":{"start":{"line":85,"column":8},"end":{"line":100,"column":null}},"23":{"start":{"line":86,"column":25},"end":{"line":86,"column":null}},"24":{"start":{"line":87,"column":10},"end":{"line":99,"column":null}},"25":{"start":{"line":89,"column":36},"end":{"line":94,"column":null}},"26":{"start":{"line":95,"column":12},"end":{"line":95,"column":null}},"27":{"start":{"line":96,"column":12},"end":{"line":98,"column":null}},"28":{"start":{"line":97,"column":14},"end":{"line":97,"column":null}},"29":{"start":{"line":105,"column":4},"end":{"line":105,"column":null}},"30":{"start":{"line":108,"column":8},"end":{"line":118,"column":null}},"31":{"start":{"line":109,"column":4},"end":{"line":109,"column":null}},"32":{"start":{"line":109,"column":39},"end":{"line":109,"column":null}},"33":{"start":{"line":110,"column":4},"end":{"line":117,"column":null}},"34":{"start":{"line":111,"column":6},"end":{"line":114,"column":null}},"35":{"start":{"line":116,"column":6},"end":{"line":116,"column":null}},"36":{"start":{"line":120,"column":8},"end":{"line":125,"column":null}},"37":{"start":{"line":121,"column":14},"end":{"line":121,"column":null}},"38":{"start":{"line":122,"column":4},"end":{"line":122,"column":null}},"39":{"start":{"line":122,"column":10},"end":{"line":122,"column":null}},"40":{"start":{"line":123,"column":4},"end":{"line":123,"column":null}},"41":{"start":{"line":124,"column":4},"end":{"line":124,"column":null}},"42":{"start":{"line":127,"column":8},"end":{"line":130,"column":null}},"43":{"start":{"line":128,"column":4},"end":{"line":128,"column":null}},"44":{"start":{"line":129,"column":4},"end":{"line":129,"column":null}},"45":{"start":{"line":132,"column":8},"end":{"line":137,"column":null}},"46":{"start":{"line":133,"column":14},"end":{"line":133,"column":null}},"47":{"start":{"line":134,"column":4},"end":{"line":134,"column":null}},"48":{"start":{"line":134,"column":10},"end":{"line":134,"column":null}},"49":{"start":{"line":135,"column":4},"end":{"line":135,"column":null}},"50":{"start":{"line":136,"column":4},"end":{"line":136,"column":null}},"51":{"start":{"line":139,"column":8},"end":{"line":146,"column":null}},"52":{"start":{"line":140,"column":4},"end":{"line":145,"column":null}},"53":{"start":{"line":141,"column":6},"end":{"line":141,"column":null}},"54":{"start":{"line":141,"column":17},"end":{"line":141,"column":null}},"55":{"start":{"line":142,"column":19},"end":{"line":142,"column":null}},"56":{"start":{"line":143,"column":6},"end":{"line":143,"column":null}},"57":{"start":{"line":144,"column":6},"end":{"line":144,"column":null}},"58":{"start":{"line":148,"column":8},"end":{"line":151,"column":null}},"59":{"start":{"line":149,"column":11},"end":{"line":149,"column":null}},"60":{"start":{"line":153,"column":2},"end":{"line":153,"column":null}},"61":{"start":{"line":157,"column":8},"end":{"line":157,"column":null}},"62":{"start":{"line":158,"column":2},"end":{"line":158,"column":null}},"63":{"start":{"line":158,"column":12},"end":{"line":158,"column":null}},"64":{"start":{"line":159,"column":2},"end":{"line":159,"column":null}},"65":{"start":{"line":163,"column":16},"end":{"line":163,"column":null}},"66":{"start":{"line":164,"column":2},"end":{"line":164,"column":null}},"67":{"start":{"line":164,"column":31},"end":{"line":164,"column":null}},"68":{"start":{"line":165,"column":2},"end":{"line":165,"column":null}},"69":{"start":{"line":165,"column":34},"end":{"line":165,"column":null}},"70":{"start":{"line":166,"column":2},"end":{"line":166,"column":null}},"71":{"start":{"line":166,"column":33},"end":{"line":166,"column":null}},"72":{"start":{"line":167,"column":2},"end":{"line":167,"column":null}},"73":{"start":{"line":167,"column":33},"end":{"line":167,"column":null}},"74":{"start":{"line":168,"column":2},"end":{"line":168,"column":null}},"75":{"start":{"line":168,"column":49},"end":{"line":168,"column":null}},"76":{"start":{"line":169,"column":2},"end":{"line":169,"column":null}},"77":{"start":{"line":169,"column":34},"end":{"line":169,"column":null}},"78":{"start":{"line":170,"column":2},"end":{"line":170,"column":null}},"79":{"start":{"line":170,"column":57},"end":{"line":170,"column":null}},"80":{"start":{"line":171,"column":2},"end":{"line":171,"column":null}}},"fnMap":{"0":{"name":"buildSession","decl":{"start":{"line":39,"column":9},"end":{"line":39,"column":null}},"loc":{"start":{"line":44,"column":11},"end":{"line":65,"column":null}},"line":44},"1":{"name":"SessionProvider","decl":{"start":{"line":67,"column":16},"end":{"line":67,"column":32}},"loc":{"start":{"line":67,"column":71},"end":{"line":154,"column":null}},"line":67},"2":{"name":"(anonymous_2)","decl":{"start":{"line":74,"column":2},"end":{"line":74,"column":18}},"loc":{"start":{"line":74,"column":18},"end":{"line":106,"column":5}},"line":74},"3":{"name":"(anonymous_3)","decl":{"start":{"line":108,"column":8},"end":{"line":108,"column":19}},"loc":{"start":{"line":108,"column":41},"end":{"line":118,"column":null}},"line":108},"4":{"name":"(anonymous_4)","decl":{"start":{"line":120,"column":17},"end":{"line":120,"column":30}},"loc":{"start":{"line":120,"column":67},"end":{"line":125,"column":5}},"line":120},"5":{"name":"(anonymous_5)","decl":{"start":{"line":127,"column":18},"end":{"line":127,"column":36}},"loc":{"start":{"line":127,"column":36},"end":{"line":130,"column":5}},"line":127},"6":{"name":"(anonymous_6)","decl":{"start":{"line":132,"column":21},"end":{"line":132,"column":34}},"loc":{"start":{"line":132,"column":49},"end":{"line":137,"column":5}},"line":132},"7":{"name":"(anonymous_7)","decl":{"start":{"line":139,"column":26},"end":{"line":139,"column":39}},"loc":{"start":{"line":139,"column":63},"end":{"line":146,"column":5}},"line":139},"8":{"name":"(anonymous_8)","decl":{"start":{"line":140,"column":4},"end":{"line":140,"column":16}},"loc":{"start":{"line":140,"column":25},"end":{"line":145,"column":5}},"line":140},"9":{"name":"(anonymous_9)","decl":{"start":{"line":148,"column":16},"end":{"line":148,"column":null}},"loc":{"start":{"line":149,"column":11},"end":{"line":149,"column":null}},"line":149},"10":{"name":"useSession","decl":{"start":{"line":156,"column":16},"end":{"line":156,"column":50}},"loc":{"start":{"line":156,"column":50},"end":{"line":160,"column":null}},"line":156},"11":{"name":"mapBackendRole","decl":{"start":{"line":162,"column":16},"end":{"line":162,"column":31}},"loc":{"start":{"line":162,"column":58},"end":{"line":172,"column":null}},"line":162}},"branchMap":{"0":{"loc":{"start":{"line":42,"column":2},"end":{"line":42,"column":null}},"type":"default-arg","locations":[{"start":{"line":42,"column":15},"end":{"line":42,"column":null}}],"line":42},"1":{"loc":{"start":{"line":47,"column":4},"end":{"line":49,"column":null}},"type":"cond-expr","locations":[{"start":{"line":48,"column":8},"end":{"line":48,"column":null}},{"start":{"line":49,"column":8},"end":{"line":49,"column":null}}],"line":47},"2":{"loc":{"start":{"line":47,"column":4},"end":{"line":47,"column":null}},"type":"binary-expr","locations":[{"start":{"line":47,"column":4},"end":{"line":47,"column":19}},{"start":{"line":47,"column":19},"end":{"line":47,"column":null}}],"line":47},"3":{"loc":{"start":{"line":52,"column":2},"end":{"line":62,"column":null}},"type":"if","locations":[{"start":{"line":52,"column":2},"end":{"line":62,"column":null}},{"start":{},"end":{}}],"line":52},"4":{"loc":{"start":{"line":52,"column":6},"end":{"line":52,"column":29}},"type":"binary-expr","locations":[{"start":{"line":52,"column":6},"end":{"line":52,"column":21}},{"start":{"line":52,"column":21},"end":{"line":52,"column":29}}],"line":52},"5":{"loc":{"start":{"line":61,"column":12},"end":{"line":61,"column":null}},"type":"binary-expr","locations":[{"start":{"line":61,"column":12},"end":{"line":61,"column":32}},{"start":{"line":61,"column":32},"end":{"line":61,"column":null}}],"line":61},"6":{"loc":{"start":{"line":75,"column":4},"end":{"line":75,"column":null}},"type":"if","locations":[{"start":{"line":75,"column":4},"end":{"line":75,"column":null}},{"start":{},"end":{}}],"line":75},"7":{"loc":{"start":{"line":77,"column":4},"end":{"line":104,"column":null}},"type":"if","locations":[{"start":{"line":77,"column":4},"end":{"line":104,"column":null}},{"start":{"line":82,"column":11},"end":{"line":104,"column":null}}],"line":77},"8":{"loc":{"start":{"line":77,"column":8},"end":{"line":77,"column":27}},"type":"binary-expr","locations":[{"start":{"line":77,"column":8},"end":{"line":77,"column":20}},{"start":{"line":77,"column":20},"end":{"line":77,"column":27}}],"line":77},"9":{"loc":{"start":{"line":85,"column":8},"end":{"line":100,"column":null}},"type":"if","locations":[{"start":{"line":85,"column":8},"end":{"line":100,"column":null}},{"start":{},"end":{}}],"line":85},"10":{"loc":{"start":{"line":87,"column":10},"end":{"line":99,"column":null}},"type":"if","locations":[{"start":{"line":87,"column":10},"end":{"line":99,"column":null}},{"start":{},"end":{}}],"lin
[...]
"start":{"line":62,"column":22},"end":{"line":62,"column":null}},"loc":{"start":{"line":81,"column":25},"end":{"line":221,"column":null}},"line":81},"3":{"name":"(anonymous_3)","decl":{"start":{"line":103,"column":8},"end":{"line":103,"column":32}},"loc":{"start":{"line":103,"column":32},"end":{"line":103,"column":null}},"line":103},"4":{"name":"(anonymous_4)","decl":{"start":{"line":111,"column":8},"end":{"line":111,"column":30}},"loc":{"start":{"line":111,"column":30},"end":{"line":118,"column":null}},"line":111},"5":{"name":"(anonymous_5)","decl":{"start":{"line":113,"column":20},"end":{"line":113,"column":37}},"loc":{"start":{"line":113,"column":37},"end":{"line":117,"column":7}},"line":113},"6":{"name":"(anonymous_6)","decl":{"start":{"line":139,"column":44},"end":{"line":139,"column":56}},"loc":{"start":{"line":139,"column":56},"end":{"line":139,"column":71}},"line":139}},"branchMap":{"0":{"loc":{"start":{"line":55,"column":2},"end":{"line":55,"column":null}},"type":"if","locations":[{"start":{"line":55,"column":2},"end":{"line":55,"column":null}},{"start":{},"end":{}}],"line":55},"1":{"loc":{"start":{"line":89,"column":2},"end":{"line":91,"column":null}},"type":"if","locations":[{"start":{"line":89,"column":2},"end":{"line":91,"column":null}},{"start":{},"end":{}}],"line":89},"2":{"loc":{"start":{"line":98,"column":26},"end":{"line":100,"column":null}},"type":"cond-expr","locations":[{"start":{"line":99,"column":6},"end":{"line":99,"column":null}},{"start":{"line":100,"column":6},"end":{"line":100,"column":null}}],"line":98},"3":{"loc":{"start":{"line":104,"column":2},"end":{"line":106,"column":null}},"type":"if","locations":[{"start":{"line":104,"column":2},"end":{"line":106,"column":null}},{"start":{},"end":{}}],"line":104},"4":{"loc":{"start":{"line":112,"column":4},"end":{"line":112,"column":null}},"type":"if","locations":[{"start":{"line":112,"column":4},"end":{"line":112,"column":null}},{"start":{},"end":{}}],"line":112},"5":{"loc":{"start":{"line":127,"column":17},"end":{"line":127,"column":null}},"type":"binary-expr","locations":[{"start":{"line":127,"column":17},"end":{"line":127,"column":33}},{"start":{"line":127,"column":33},"end":{"line":127,"column":null}}],"line":127},"6":{"loc":{"start":{"line":129,"column":20},"end":{"line":129,"column":null}},"type":"binary-expr","locations":[{"start":{"line":129,"column":20},"end":{"line":129,"column":41}},{"start":{"line":129,"column":41},"end":{"line":129,"column":null}}],"line":129},"7":{"loc":{"start":{"line":130,"column":19},"end":{"line":130,"column":null}},"type":"binary-expr","locations":[{"start":{"line":130,"column":19},"end":{"line":130,"column":37}},{"start":{"line":130,"column":37},"end":{"line":130,"column":null}}],"line":130},"8":{"loc":{"start":{"line":131,"column":15},"end":{"line":131,"column":null}},"type":"binary-expr","locations":[{"start":{"line":131,"column":15},"end":{"line":131,"column":29}},{"start":{"line":131,"column":29},"end":{"line":131,"column":null}}],"line":131},"9":{"loc":{"start":{"line":132,"column":18},"end":{"line":132,"column":null}},"type":"binary-expr","locations":[{"start":{"line":132,"column":18},"end":{"line":132,"column":35}},{"start":{"line":132,"column":35},"end":{"line":132,"column":null}}],"line":132},"10":{"loc":{"start":{"line":133,"column":14},"end":{"line":133,"column":null}},"type":"binary-expr","locations":[{"start":{"line":133,"column":14},"end":{"line":133,"column":27}},{"start":{"line":133,"column":27},"end":{"line":133,"column":null}}],"line":133},"11":{"loc":{"start":{"line":134,"column":18},"end":{"line":134,"column":null}},"type":"binary-expr","locations":[{"start":{"line":134,"column":18},"end":{"line":134,"column":35}},{"start":{"line":134,"column":35},"end":{"line":134,"column":null}}],"line":134},"12":{"loc":{"start":{"line":138,"column":4},"end":{"line":141,"column":null}},"type":"if","locations":[{"start":{"line":138,"column":4},"end":{"line":141,"column":null}},{"start":{},"end":{}}],"line":138},"13":{"loc":{"start":{"line":144,"column":4},"end":{"line":144,"column":null}},"type":"if","locations":[{"start":{"line":144,"column":4},"end":{"line":144,"column":null}},{"start":{},"end":{}}],"line":144},"14":{"loc":{"start":{"line":157,"column":6},"end":{"line":159,"column":null}},"type":"if","locations":[{"start":{"line":157,"column":6},"end":{"line":159,"column":null}},{"start":{},"end":{}}],"line":157},"15":{"loc":{"start":{"line":161,"column":6},"end":{"line":161,"column":null}},"type":"if","locations":[{"start":{"line":161,"column":6},"end":{"line":161,"column":null}},{"start":{},"end":{}}],"line":161},"16":{"loc":{"start":{"line":167,"column":15},"end":{"line":167,"column":null}},"type":"binary-expr","locations":[{"start":{"line":167,"column":15},"end":{"line":167,"column":30}},{"start":{"line":167,"column":30},"end":{"line":167,"column":null}}],"line":167},"17":{"loc":{"start":{"line":170,"column":8},"end":{"line":170,"column":null}},"type":"if","locations":[{"start":{"line":170,"column":8},"end":{"line":170,"column":null}},{"start":{},"end":{}}],"line":170},"18":{"loc":{"start":{"line":172,"column":8},"end":{"line":172,"column":null}},"type":"if","locations":[{"start":{"line":172,"column":8},"end":{"line":172,"column":null}},{"start":{},"end":{}}],"line":172},"19":{"loc":{"start":{"line":176,"column":10},"end":{"line":202,"column":null}},"type":"switch","locations":[{"start":{"line":177,"column":12},"end":{"line":180,"column":null}},{"start":{"line":181,"column":12},"end":{"line":184,"column":null}},{"start":{"line":185,"column":12},"end":{"line":189,"column":null}},{"start":{"line":190,"column":12},"end":{"line":192,"column":null}},{"start":{"line":193,"column":12},"end":{"line":197,"column":null}},{"start":{"line":198,"column":12},"end":{"line":201,"column":null}}],"line":176},"20":{"loc":{"start":{"line":178,"column":31},"end":{"line":178,"column":null}},"type":"binary-expr","locations":[{"start":{"line":178,"column":31},"end":{"line":178,"column":47}},{"start":{"line":178,"column":47},"end":{"line":178,"column":null}}],"line":178},"21":{"loc":{"start":{"line":182,"column":33},"end":{"line":182,"column":null}},"type":"binary-expr","locations":[{"start":{"line":182,"column":33},"end":{"line":182,"column":46}},{"start":{"line":182,"column":46},"end":{"line":182,"column":null}}],"line":182},"22":{"loc":{"start":{"line":186,"column":34},"end":{"line":186,"column":null}},"type":"binary-expr","locations":[{"start":{"line":186,"column":34},"end":{"line":186,"column":53}},{"start":{"line":186,"column":53},"end":{"line":186,"column":null}}],"line":186},"23":{"loc":{"start":{"line":194,"column":31},"end":{"line":194,"column":null}},"type":"binary-expr","locations":[{"start":{"line":194,"column":31},"end":{"line":194,"column":48}},{"start":{"line":194,"column":48},"end":{"line":194,"column":null}}],"line":194},"24":{"loc":{"start":{"line":195,"column":34},"end":{"line":195,"column":null}},"type":"binary-expr","locations":[{"start":{"line":195,"column":34},"end":{"line":195,"column":53}},{"start":{"line":195,"column":53},"end":{"line":195,"column":null}}],"line":195},"25":{"loc":{"start":{"line":211,"column":4},"end":{"line":213,"column":null}},"type":"if","locations":[{"start":{"line":211,"column":4},"end":{"line":213,"column":null}},{"start":{},"end":{}}],"line":211},"26":{"loc":{"start":{"line":216,"column":4},"end":{"line":216,"column":null}},"type":"if","locations":[{"start":{"line":216,"column":4},"end":{"line":216,"column":null}},{"start":{},"end":{}}],"line":216},"27":{"loc":{"start":{"line":217,"column":4},"end":{"line":219,"column":null}},"type":"if","locations":[{"start":{"line":217,"column":4},"end":{"line":219,"column":null}},{"start":{},"end":{}}],"line":217}},"s":{"0":14,"1":14,"2":0,"3":0,"4":0,"5":7,"6":7,"7":7,"8":7,"9":7,"10":7,"11":7,"12":7,"13":7,"14":7,"15":0,"16":7,"17":1,"18":7,"19":7,"20":12,"21":5,"22":12,"23":0,"24":0,"25":0,"26":7,"27":7,"28":7,"29":7,"30":1,"31":0,"32":1,"33":6,"34":7,"35":0,"36":6,"37":6,"38":6,"39":6,"40":11,"41":1,"42":10,"43":10,"44":5,"45":5,"46":5,"47":5,"48":5,"49":11,"50":12,"51":0,"52":12,"53":12,"54":0,"55":12,"56":12,"57":12,"58":3,"59":3,"60":3,"61":1,"62":1,"63":1,"64":0,"65":0,"66":0,"67":0,"68":2,"69":2,"70":5,"71":5,"72":5,"73":5,"74":1,"75":1,"76":1,"77":5,"78":2,"79":0,"80":2,"81":7,"82":7,"83":7,"84":1},"f":{"0":14,"1":0,"2":7,"3":0,"4":12,"5":0,"6":0},"b":{"0":[14,0],"1":[7,0],"2":[0,7],"3":[1,6],"4":[5,7],"5":[7,7],"6":[7,7],"7":[7,7],"8":[7,7],"9":[7,7],"10":[7,7],"11":[7,7],"12":[1,6],"13":[0,7],"14":[1,10],"15":[5,5],"16":[5,5],"17":[0,12],"18":[0,12],"19":[3,1,0,2,5,1],"20":[3,0],"21":[1,0],"22":[0,0],"23":[5,0],"24":[5,0],"25":[0,2],"26":[7,0],"27":[1,6]},"meta":{"lastBranch":28,"lastFunction":7,"lastStatement":85,"seen":{"f:54:9:54:23":0,"b:55:2:55:Infinity:undefined:undefined:undefined:undefined":0,"s:55:2:55:Infinity":0,"s:55:14:55:Infinity":1,"s:56:2:59:Infinity":2,"f:56:23:56:53":1,"s:57:16:57:Infinity":3,"s:58:4:58:Infinity":4,"f:62:22:62:Infinity":2,"s:82:15:82:Infinity":5,"s:83:14:83:Infinity":6,"s:85:42:88:Infinity":7,"b:89:2:91:Infinity:undefined:undefined:undefined:undefined":1,"s:89:2:91:Infinity":8,"s:90:4:90:Infinity":9,"s:94:28:94:Infinity":10,"s:95:35:95:Infinity":11,"s:98:26:100:Infinity":12,"b:99:6:99:Infinity:100:6:100:Infinity":2,"s:102:29:102:Infinity":13,"s:103:8:103:Infinity":14,"f:103:8:103:32":3,"s:103:32:103:Infinity":15,"b:104:2:106:Infinity:undefined:undefined:undefined:undefined":3,"s:104:2:106:Infinity":16,"s:105:4:105:Infinity":17,"s:109:25:109:Infinity":18,"s:111:8:118:Infinity":19,"f:111:8:111:30":4,"b:112:4:112:Infinity:undefined:undefined:undefined:undefined":4,"s:112:4:112:Infinity":20,"s:112:23:112:Infinity":21,"s:113:4:117:Infinity":22,"f:113:20:113:37":5,"s:114:6:114:Infinity":23,"s:115:6:115:Infinity":24,"s:116:6:116:Infinity":25,"s:120:2:220:Infinity":26,"s:121:4:121:Infinity":27,"s:122:21:136:Infinity":28,"b:127:17:127:33:127:33:127:Infinity":5,"b:129:20:129:41:129:41:129:Infinity":6,"b:130:19:130:37:130:37:130:Infinity":7,"b:131:15:131:29:131:29:131:Infinity":8,"b:132:18:132:35:132:35:132:Infinity":9,"b:133:14:133:27:133:27:133:Infinity":10,"b:134:18:134:35:134:35:134:Infinity":11,"b:138:4:141:Infinity:undefined:undefined:undefined:undefined":12,"s:138:4:141:Infinity":29,"s:139:22:139:Infinity":30,"f:139:44:139:56":6,"s:139:56:139:71":31,"s:140:6:140:Infinity":32,"s:143:19:143:Infinity":33,"b:144:4:144:Infinity:undefined:undefined:undefined:undefined":13,"s:144:4:144:Infinity":34,"s:144:17:144:Infinity":35,"s:146:20:146:Infinity":36,"s:147:17:147:Infinity":37,"s:148:33:154:Infinity":38,"s:156:4:207:Infinity":39,"b:157:6:159:Infinity:undefined:undefined:undefined:undefined":14,"s:157:6:159:Infinity":40,"s:158:8:158:Infinity":41,"s:160:30:160:Infinity":42,"b:161:6:161:Infinity:undefined:undefined:undefined:undefined":15,"s:161:6:161:Infinity":43,"s:161:16:161:Infinity":44,"s:163:6:163:Infinity":45,"s:165:6:165:Infinity":46,"s:166:20:166:Infinity":47,"s:167:6:167:Infinity":48,"b:167:15:167:30:167:30:167:Infinity":16,"s:169:6:206:Infinity":49,"b:170:8:170:Infinity:undefined:undefined:undefined:undefined":17,"s:170:8:170:Infinity":50,"s:170:40:170:Infinity":51,"s:171:24:171:Infinity":52,"b:172:8:172:Infinity:undefined:undefined:undefined:undefined":18,"s:172:8:172:Infinity":53,"s:172:22:172:Infinity":54,"s:174:8:205:Infinity":55,"s:175:23:175:Infinity":56,"b:177:12:180:Infinity:181:12:184:Infinity:185:12:189:Infinity:190:12:192:Infinity:193:12:197:Infinity:198:12:201:Infinity":19,"s:176:10:202:Infinity":57,"s:178:14:178:Infinity":58,"b:178:31:178:47:178:47:178:Infinity":20,"s:179:14:179:Infinity":59,"s:180:14:180:Infinity":60,"s:182:14:182:Infinity":61,"b:182:33:182:46:182:46:182:Infinity":21,"s:183:14:183:Infinity":62,"s:184:14:184:Infinity":63,"s:186:14:186:Infinity":64,"b:186:34:186:53:186:53:186:Infinity":22,"s:187:14:187:Infinity":65,"s:188:14:188:Infinity":66,"s:189:14:189:Infinity":67,"s:191:14:191:Infinity":68,"s:192:14:192:Infinity":69,"s:194:14:194:Infinity":70,"b:194:31:194:48:194:48:194:Infinity":23,"s:195:14:195:Infinity":71,"b:195:34:195:53:195:53:195:Infinity":24,"s:196:14:196:Infinity":72,"s:197:14:197:Infinity":73,"s:199:14:199:Infinity":74,"s:200:14:200:Infinity":75,"s:201:14:201:Infinity":76,"s:209:4:209:Infinity":77,"b:211:4:213:Infinity:undefined:undefined:undefined:undefined":25,"s:211:4:213:Infinity":78,"s:212:6:212:Infinity":79,"s:214:4:214:Infinity":80,"b:216:4:216:Infinity:undefined:undefined:undefined:undefined":26,"s:216:4:216:Infinity":81,"s:216:23:216:Infinity":82,"b:217:4:219:Infinity:undefined:undefined:undefined:undefined":27,"s:217:4:219:Infinity":83,"s:218:6:218:Infinity":84},"fnNames":{}}}
,"D:\\projects\\chatbot-hospital-system\\app\\frontend\\src\\lib\\stream-scope.ts": {"path":"D:\\projects\\chatbot-hospital-system\\app\\frontend\\src\\lib\\stream-scope.ts","statementMap":{"0":{"start":{"line":7,"column":2},"end":{"line":7,"column":null}},"1":{"start":{"line":14,"column":2},"end":{"line":14,"column":null}}},"fnMap":{"0":{"name":"hasStreamScopeChanged","decl":{"start":{"line":6,"column":16},"end":{"line":6,"column":38}},"loc":{"start":{"line":6,"column":90},"end":{"line":8,"column":null}},"line":6},"1":{"name":"isCurrentStreamRequest","decl":{"start":{"line":10,"column":16},"end":{"line":10,"column":null}},"loc":{"start":{"line":13,"column":11},"end":{"line":15,"column":null}},"line":13}},"branchMap":{"0":{"loc":{"start":{"line":7,"column":9},"end":{"line":7,"column":null}},"type":"binary-expr","locations":[{"start":{"line":7,"column":9},"end":{"line":7,"column":51}},{"start":{"line":7,"column":51},"end":{"line":7,"column":null}}],"line":7},"1":{"loc":{"start":{"line":14,"column":9},"end":{"line":14,"column":null}},"type":"binary-expr","locations":[{"start":{"line":14,"column":9},"end":{"line":14,"column":29}},{"start":{"line":14,"column":29},"end":{"line":14,"column":null}}],"line":14}},"s":{"0":3,"1":3},"f":{"0":3,"1":3},"b":{"0":[3,2],"1":[3,3]},"meta":{"lastBranch":2,"lastFunction":2,"lastStatement":2,"seen":{"f:6:16:6:38":0,"s:7:2:7:Infinity":0,"b:7:9:7:51:7:51:7:Infinity":0,"f:10:16:10:Infinity":1,"s:14:2:14:Infinity":1,"b:14:9:14:29:14:29:14:Infinity":1},"fnNames":{}}}
,"D:\\projects\\chatbot-hospital-system\\app\\frontend\\src\\lib\\api\\documents.ts": {"path":"D:\\projects\\chatbot-hospital-system\\app\\frontend\\src\\lib\\api\\documents.ts","statementMap":{"0":{"start":{"line":66,"column":29},"end":{"line":80,"column":null}},"1":{"start":{"line":71,"column":22},"end":{"line":71,"column":null}},"2":{"start":{"line":72,"column":2},"end":{"line":72,"column":null}},"3":{"start":{"line":72,"column":26},"end":{"line":72,"column":null}},"4":{"start":{"line":73,"column":2},"end":{"line":73,"column":null}},"5":{"start":{"line":73,"column":22},"end":{"line":73,"column":null}},"6":{"start":{"line":74,"column":2},"end":{"line":74,"column":null}},"7":{"start":{"line":74,"column":21},"end":{"line":74,"column":null}},"8":{"start":{"line":76,"column":22},"end":{"line":76,"column":null}},"9":{"start":{"line":77,"column":15},"end":{"line":77,"column":null}},"10":{"start":{"line":79,"column":2},"end":{"line":79,"column":null}},"11":{"start":{"line":82,"column":27},"end":{"line":84,"column":null}},"12":{"start":{"line":83,"column":2},"end":{"line":83,"column":null}},"13":{"start":{"line":86,"column":31},"end":{"line":88,"column":null}},"14":{"start":{"line":87,"column":2},"end":{"line":87,"column":null}},"15":{"start":{"line":90,"column":31},"end":{"line":95,"column":null}},"16":{"start":{"line":94,"column":2},"end":{"line":94,"column":null}},"17":{"start":{"line":97,"column":26},"end":{"line":101,"column":null}},"18":{"start":{"line":98,"column":2},"end":{"line":100,"column":null}},"19":{"start":{"line":103,"column":31},"end":{"line":110,"column":null}},"20":{"start":{"line":106,"column":2},"end":{"line":109,"column":null}},"21":{"start":{"line":112,"column":30},"end":{"line":128,"column":null}},"22":{"start":{"line":118,"column":19},"end":{"line":118,"column":null}},"23":{"start":{"line":119,"column":2},"end":{"line":119,"column":null}},"24":{"start":{"line":120,"column":2},"end":{"line":120,"column":null}},"25":{"start":{"line":121,"column":2},"end":{"line":121,"column":null}},"26":{"start":{"line":122,"column":2},"end":{"line":122,"column":null}},"27":{"start":{"line":124,"column":2},"end":{"line":127,"column":null}}},"fnMap":{"0":{"name":"(anonymous_0)","decl":{"start":{"line":66,"column":29},"end":{"line":66,"column":36}},"loc":{"start":{"line":70,"column":37},"end":{"line":80,"column":null}},"line":70},"1":{"name":"(anonymous_1)","decl":{"start":{"line":82,"column":27},"end":{"line":82,"column":34}},"loc":{"start":{"line":82,"column":78},"end":{"line":84,"column":null}},"line":82},"2":{"name":"(anonymous_2)","decl":{"start":{"line":86,"column":31},"end":{"line":86,"column":38}},"loc":{"start":{"line":86,"column":68},"end":{"line":88,"column":null}},"line":86},"3":{"name":"(anonymous_3)","decl":{"start":{"line":90,"column":31},"end":{"line":90,"column":null}},"loc":{"start":{"line":93,"column":32},"end":{"line":95,"column":null}},"line":93},"4":{"name":"(anonymous_4)","decl":{"start":{"line":97,"column":26},"end":{"line":97,"column":33}},"loc":{"start":{"line":97,"column":71},"end":{"line":101,"column":null}},"line":97},"5":{"name":"(anonymous_5)","decl":{"start":{"line":103,"column":31},"end":{"line":103,"column":null}},"loc":{"start":{"line":105,"column":38},"end":{"line":110,"column":null}},"line":105},"6":{"name":"(anonymous_6)","decl":{"start":{"line":112,"column":30},"end":{"line":112,"column":null}},"loc":{"start":{"line":117,"column":28},"end":{"line":128,"column":null}},"line":117}},"branchMap":{"0":{"loc":{"start":{"line":72,"column":2},"end":{"line":72,"column":null}},"type":"if","locations":[{"start":{"line":72,"column":2},"end":{"line":72,"column":null}},{"start":{},"end":{}}],"line":72},"1":{"loc":{"start":{"line":73,"column":2},"end":{"line":73,"column":null}},"type":"if","locations":[{"start":{"line":73,"column":2},"end":{"line":73,"column":null}},{"start":{},"end":{}}],"line":73},"2":{"loc":{"start":{"line":74,"column":2},"end":{"line":74,"column":null}},"type":"if","locations":[{"start":{"line":74,"column":2},"end":{"line":74,"column":null}},{"start":{},"end":{}}],"line":74},"3":{"loc":{"start":{"line":77,"column":15},"end":{"line":77,"column":null}},"type":"cond-expr","locations":[{"start":{"line":77,"column":29},"end":{"line":77,"column":59}},{"start":{"line":77,"column":59},"end":{"line":77,"column":null}}],"line":77}},"s":{"0":1,"1":0,"2":0,"3":0,"4":0,"5":0,"6":0,"7":0,"8":0,"9":0,"10":0,"11":1,"12":0,"13":1,"14":1,"15":1,"16":0,"17":1,"18":0,"19":1,"20":0,"21":1,"22":0,"23":0,"24":0,"25":0,"26":0,"27":0},"f":{"0":0,"1":0,"2":1,"3":0,"4":0,"5":0,"6":0},"b":{"0":[0,0],"1":[0,0],"2":[0,0],"3":[0,0]},"meta":{"lastBranch":4,"lastFunction":7,"lastStatement":28,"seen":{"s:66:29:80:Infinity":0,"f:66:29:66:36":0,"s:71:22:71:Infinity":1,"b:72:2:72:Infinity:undefined:undefined:undefined:undefined":0,"s:72:2:72:Infinity":2,"s:72:26:72:Infinity":3,"b:73:2:73:Infinity:undefined:undefined:undefined:undefined":1,"s:73:2:73:Infinity":4,"s:73:22:73:Infinity":5,"b:74:2:74:Infinity:undefined:undefined:undefined:undefined":2,"s:74:2:74:Infinity":6,"s:74:21:74:Infinity":7,"s:76:22:76:Infinity":8,"s:77:15:77:Infinity":9,"b:77:29:77:59:77:59:77:Infinity":3,"s:79:2:79:Infinity":10,"s:82:27:84:Infinity":11,"f:82:27:82:34":1,"s:83:2:83:Infinity":12,"s:86:31:88:Infinity":13,"f:86:31:86:38":2,"s:87:2:87:Infinity":14,"s:90:31:95:Infinity":15,"f:90:31:90:Infinity":3,"s:94:2:94:Infinity":16,"s:97:26:101:Infinity":17,"f:97:26:97:33":4,"s:98:2:100:Infinity":18,"s:103:31:110:Infinity":19,"f:103:31:103:Infinity":5,"s:106:2:109:Infinity":20,"s:112:30:128:Infinity":21,"f:112:30:112:Infinity":6,"s:118:19:118:Infinity":22,"s:119:2:119:Infinity":23,"s:120:2:120:Infinity":24,"s:121:2:121:Infinity":25,"s:122:2:122:Infinity":26,"s:124:2:127:Infinity":27},"fnNames":{}}}
}
